#
# There is insufficient memory for the Java Runtime Environment to continue.
# Native memory allocation (mmap) failed to map 140509184 bytes for committing reserved memory.
# Possible reasons:
#   The system is out of physical RAM or swap space
#   In 32 bit mode, the process size limit was hit
# Possible solutions:
#   Reduce memory load on the system
#   Increase physical memory or swap space
#   Check if swap backing store is full
#   Use 64 bit Java on a 64 bit OS
#   Decrease Java heap size (-Xmx/-Xms)
#   Decrease number of Java threads
#   Decrease Java thread stack sizes (-Xss)
#   Set larger code cache with -XX:ReservedCodeCacheSize=
# This output file may be truncated or incomplete.
#
#  Out of Memory Error (os_linux.cpp:2627), pid=12472, tid=140158975035136
#
# JRE version: Java(TM) SE Runtime Environment (8.0_91-b14) (build 1.8.0_91-b14)
# Java VM: Java HotSpot(TM) 64-Bit Server VM (25.91-b14 mixed mode linux-amd64 compressed oops)
# Failed to write core dump. Core dumps have been disabled. To enable core dumping, try "ulimit -c unlimited" before starting Java again
#

---------------  T H R E A D  ---------------

Current thread (0x00007f7960078000):  VMThread [stack: 0x00007f794ddb4000,0x00007f794deb5000] [id=12506]

Stack: [0x00007f794ddb4000,0x00007f794deb5000],  sp=0x00007f794deb3120,  free space=1020k
Native frames: (J=compiled Java code, j=interpreted, Vv=VM code, C=native code)
V  [libjvm.so+0xabc18a]  VMError::report_and_die()+0x2ba
V  [libjvm.so+0x4fafeb]  report_vm_out_of_memory(char const*, int, unsigned long, VMErrorType, char const*)+0x8b
V  [libjvm.so+0x91cbb3]  os::Linux::commit_memory_impl(char*, unsigned long, bool)+0x103
V  [libjvm.so+0x91d109]  os::pd_commit_memory(char*, unsigned long, unsigned long, bool)+0x29
V  [libjvm.so+0x91740a]  os::commit_memory(char*, unsigned long, unsigned long, bool)+0x2a
V  [libjvm.so+0x98b033]  PSVirtualSpace::expand_by(unsigned long)+0x53
V  [libjvm.so+0x98c438]  PSYoungGen::resize_generation(unsigned long, unsigned long)+0xf8
V  [libjvm.so+0x98b592]  PSYoungGen::resize(unsigned long, unsigned long)+0x22
V  [libjvm.so+0x98886b]  PSScavenge::invoke_no_policy()+0xf3b
V  [libjvm.so+0x988ff1]  PSScavenge::invoke()+0x41
V  [libjvm.so+0x9408b0]  ParallelScavengeHeap::failed_mem_allocate(unsigned long)+0x70
V  [libjvm.so+0xabdba7]  VM_ParallelGCFailedAllocation::doit()+0x97
V  [libjvm.so+0xac55d5]  VM_Operation::evaluate()+0x55
V  [libjvm.so+0xac39aa]  VMThread::evaluate_operation(VM_Operation*)+0xba
V  [libjvm.so+0xac3d2e]  VMThread::loop()+0x1ce
V  [libjvm.so+0xac41a0]  VMThread::run()+0x70
V  [libjvm.so+0x91ef78]  java_start(Thread*)+0x108

VM_Operation (0x00007f79685578e0): ParallelGCFailedAllocation, mode: safepoint, requested by thread 0x00007f796000a000


---------------  P R O C E S S  ---------------

Java Threads: ( => current thread )
  0x00007f79600d2800 JavaThread "Service Thread" daemon [_thread_blocked, id=12534, stack(0x00007f794d3d3000,0x00007f794d4d4000)]
  0x00007f79600bd800 JavaThread "C1 CompilerThread2" daemon [_thread_blocked, id=12525, stack(0x00007f794d4d4000,0x00007f794d5d5000)]
  0x00007f79600bb800 JavaThread "C2 CompilerThread1" daemon [_thread_blocked, id=12524, stack(0x00007f794d5d5000,0x00007f794d6d6000)]
  0x00007f79600b8800 JavaThread "C2 CompilerThread0" daemon [_thread_blocked, id=12523, stack(0x00007f794d6d6000,0x00007f794d7d7000)]
  0x00007f79600b7000 JavaThread "Signal Dispatcher" daemon [_thread_blocked, id=12521, stack(0x00007f794d7d7000,0x00007f794d8d8000)]
  0x00007f7960084000 JavaThread "Finalizer" daemon [_thread_blocked, id=12516, stack(0x00007f794dbb2000,0x00007f794dcb3000)]
  0x00007f796007f800 JavaThread "Reference Handler" daemon [_thread_blocked, id=12512, stack(0x00007f794dcb3000,0x00007f794ddb4000)]
  0x00007f796000a000 JavaThread "main" [_thread_blocked, id=12489, stack(0x00007f7968459000,0x00007f796855a000)]

Other Threads:
=>0x00007f7960078000 VMThread [stack: 0x00007f794ddb4000,0x00007f794deb5000] [id=12506]
  0x00007f79600d5000 WatcherThread [stack: 0x00007f794d2d2000,0x00007f794d3d3000] [id=12538]

VM state:at safepoint (normal execution)

VM Mutex/Monitor currently owned by a thread:  ([mutex/lock_event])
[0x00007f7960006530] Threads_lock - owner thread: 0x00007f7960078000
[0x00007f7960006a30] Heap_lock - owner thread: 0x00007f796000a000

Heap:
 PSYoungGen      total 135168K, used 14329K [0x00000000eab00000, 0x00000000f3f00000, 0x0000000100000000)
  eden space 120832K, 0% used [0x00000000eab00000,0x00000000eab00000,0x00000000f2100000)
  from space 14336K, 99% used [0x00000000f2100000,0x00000000f2efe5d0,0x00000000f2f00000)
  to   space 12288K, 0% used [0x00000000f2f00000,0x00000000f2f00000,0x00000000f3b00000)
 ParOldGen       total 40960K, used 36858K [0x00000000c0000000, 0x00000000c2800000, 0x00000000eab00000)
  object space 40960K, 89% used [0x00000000c0000000,0x00000000c23feae8,0x00000000c2800000)
 Metaspace       used 6075K, capacity 7152K, committed 7296K, reserved 1056768K
  class space    used 575K, capacity 616K, committed 640K, reserved 1048576K

Card table byte_map: [0x00007f7965022000,0x00007f7965223000] byte_map_base: 0x00007f7964a22000

Marking Bits: (ParMarkBitMap*) 0x00007f7967940d60
 Begin Bits: [0x00007f794f000000, 0x00007f7950000000)
 End Bits:   [0x00007f7950000000, 0x00007f7951000000)

Polling page: 0x00007f796858f000

CodeCache: size=245760Kb used=7892Kb max_used=7892Kb free=237867Kb
 bounds [0x00007f7951000000, 0x00007f79517c0000, 0x00007f7960000000]
 total_blobs=2056 nmethods=1792 adapters=178
 compilation: enabled

Compilation events (10 events):
Event: 12,474 Thread 0x00007f79600bd800 1847       2       com.android.dx.dex.file.AnnotationsDirectoryItem::setClassAnnotations (45 bytes)
Event: 12,474 Thread 0x00007f79600bd800 nmethod 1847 0x00007f79517b8e10 code [0x00007f79517b8fa0, 0x00007f79517b9308]
Event: 12,553 Thread 0x00007f79600bd800 1849       1       java.util.TreeMap$Entry::getKey (5 bytes)
Event: 12,553 Thread 0x00007f79600bd800 nmethod 1849 0x00007f79517b94d0 code [0x00007f79517b9620, 0x00007f79517b9730]
Event: 12,553 Thread 0x00007f79600bd800 1850       2       com.android.dx.rop.code.RegisterSpecList::indexOfRegister (38 bytes)
Event: 12,554 Thread 0x00007f79600bd800 nmethod 1850 0x00007f79517b9790 code [0x00007f79517b9900, 0x00007f79517b9b68]
Event: 12,788 Thread 0x00007f79600bd800 1852       2       com.android.dx.rop.code.SwitchInsn::accept (8 bytes)
Event: 12,789 Thread 0x00007f79600bd800 nmethod 1852 0x00007f79517b9d10 code [0x00007f79517b9e80, 0x00007f79517ba008]
Event: 12,790 Thread 0x00007f79600bd800 1853       2       com.android.dx.ssa.DeadCodeRemover$NoSideEffectVisitor::visitMoveInsn (22 bytes)
Event: 12,796 Thread 0x00007f79600bd800 nmethod 1853 0x00007f79517ba090 code [0x00007f79517ba200, 0x00007f79517ba3f8]

GC Heap History (10 events):
Event: 3,469 GC heap after
Heap after GC invocations=2 (full 0):
 PSYoungGen      total 33280K, used 2553K [0x00000000eab00000, 0x00000000ece00000, 0x0000000100000000)
  eden space 30720K, 0% used [0x00000000eab00000,0x00000000eab00000,0x00000000ec900000)
  from space 2560K, 99% used [0x00000000ecb80000,0x00000000ecdfe418,0x00000000ece00000)
  to   space 2560K, 0% used [0x00000000ec900000,0x00000000ec900000,0x00000000ecb80000)
 ParOldGen       total 40960K, used 4213K [0x00000000c0000000, 0x00000000c2800000, 0x00000000eab00000)
  object space 40960K, 10% used [0x00000000c0000000,0x00000000c041d608,0x00000000c2800000)
 Metaspace       used 5688K, capacity 6960K, committed 7040K, reserved 1056768K
  class space    used 556K, capacity 616K, committed 640K, reserved 1048576K
}
Event: 4,308 GC heap before
{Heap before GC invocations=3 (full 0):
 PSYoungGen      total 33280K, used 33273K [0x00000000eab00000, 0x00000000ece00000, 0x0000000100000000)
  eden space 30720K, 100% used [0x00000000eab00000,0x00000000ec900000,0x00000000ec900000)
  from space 2560K, 99% used [0x00000000ecb80000,0x00000000ecdfe418,0x00000000ece00000)
  to   space 2560K, 0% used [0x00000000ec900000,0x00000000ec900000,0x00000000ecb80000)
 ParOldGen       total 40960K, used 4213K [0x00000000c0000000, 0x00000000c2800000, 0x00000000eab00000)
  object space 40960K, 10% used [0x00000000c0000000,0x00000000c041d608,0x00000000c2800000)
 Metaspace       used 5813K, capacity 7024K, committed 7296K, reserved 1056768K
  class space    used 556K, capacity 616K, committed 640K, reserved 1048576K
Event: 4,368 GC heap after
Heap after GC invocations=3 (full 0):
 PSYoungGen      total 33280K, used 2540K [0x00000000eab00000, 0x00000000eec00000, 0x0000000100000000)
  eden space 30720K, 0% used [0x00000000eab00000,0x00000000eab00000,0x00000000ec900000)
  from space 2560K, 99% used [0x00000000ec900000,0x00000000ecb7b1d0,0x00000000ecb80000)
  to   space 2560K, 0% used [0x00000000ee980000,0x00000000ee980000,0x00000000eec00000)
 ParOldGen       total 40960K, used 9150K [0x00000000c0000000, 0x00000000c2800000, 0x00000000eab00000)
  object space 40960K, 22% used [0x00000000c0000000,0x00000000c08ef8f8,0x00000000c2800000)
 Metaspace       used 5813K, capacity 7024K, committed 7296K, reserved 1056768K
  class space    used 556K, capacity 616K, committed 640K, reserved 1048576K
}
Event: 4,990 GC heap before
{Heap before GC invocations=4 (full 0):
 PSYoungGen      total 33280K, used 33260K [0x00000000eab00000, 0x00000000eec00000, 0x0000000100000000)
  eden space 30720K, 100% used [0x00000000eab00000,0x00000000ec900000,0x00000000ec900000)
  from space 2560K, 99% used [0x00000000ec900000,0x00000000ecb7b1d0,0x00000000ecb80000)
  to   space 2560K, 0% used [0x00000000ee980000,0x00000000ee980000,0x00000000eec00000)
 ParOldGen       total 40960K, used 9150K [0x00000000c0000000, 0x00000000c2800000, 0x00000000eab00000)
  object space 40960K, 22% used [0x00000000c0000000,0x00000000c08ef8f8,0x00000000c2800000)
 Metaspace       used 5844K, capacity 7088K, committed 7296K, reserved 1056768K
  class space    used 556K, capacity 616K, committed 640K, reserved 1048576K
Event: 5,047 GC heap after
Heap after GC invocations=4 (full 0):
 PSYoungGen      total 64000K, used 2558K [0x00000000eab00000, 0x00000000eec00000, 0x0000000100000000)
  eden space 61440K, 0% used [0x00000000eab00000,0x00000000eab00000,0x00000000ee700000)
  from space 2560K, 99% used [0x00000000ee980000,0x00000000eebff970,0x00000000eec00000)
  to   space 2560K, 0% used [0x00000000ee700000,0x00000000ee700000,0x00000000ee980000)
 ParOldGen       total 40960K, used 13331K [0x00000000c0000000, 0x00000000c2800000, 0x00000000eab00000)
  object space 40960K, 32% used [0x00000000c0000000,0x00000000c0d04dc0,0x00000000c2800000)
 Metaspace       used 5844K, capacity 7088K, committed 7296K, reserved 1056768K
  class space    used 556K, capacity 616K, committed 640K, reserved 1048576K
}
Event: 7,732 GC heap before
{Heap before GC invocations=5 (full 0):
 PSYoungGen      total 64000K, used 63998K [0x00000000eab00000, 0x00000000eec00000, 0x0000000100000000)
  eden space 61440K, 100% used [0x00000000eab00000,0x00000000ee700000,0x00000000ee700000)
  from space 2560K, 99% used [0x00000000ee980000,0x00000000eebff970,0x00000000eec00000)
  to   space 2560K, 0% used [0x00000000ee700000,0x00000000ee700000,0x00000000ee980000)
 ParOldGen       total 40960K, used 13331K [0x00000000c0000000, 0x00000000c2800000, 0x00000000eab00000)
  object space 40960K, 32% used [0x00000000c0000000,0x00000000c0d04dc0,0x00000000c2800000)
 Metaspace       used 5895K, capacity 7088K, committed 7296K, reserved 1056768K
  class space    used 556K, capacity 616K, committed 640K, reserved 1048576K
Event: 7,784 GC heap after
Heap after GC invocations=5 (full 0):
 PSYoungGen      total 64000K, used 2535K [0x00000000eab00000, 0x00000000f3b00000, 0x0000000100000000)
  eden space 61440K, 0% used [0x00000000eab00000,0x00000000eab00000,0x00000000ee700000)
  from space 2560K, 99% used [0x00000000ee700000,0x00000000ee979ee0,0x00000000ee980000)
  to   space 12288K, 0% used [0x00000000f2f00000,0x00000000f2f00000,0x00000000f3b00000)
 ParOldGen       total 40960K, used 23033K [0x00000000c0000000, 0x00000000c2800000, 0x00000000eab00000)
  object space 40960K, 56% used [0x00000000c0000000,0x00000000c167e550,0x00000000c2800000)
 Metaspace       used 5895K, capacity 7088K, committed 7296K, reserved 1056768K
  class space    used 556K, capacity 616K, committed 640K, reserved 1048576K
}
Event: 8,912 GC heap before
{Heap before GC invocations=6 (full 0):
 PSYoungGen      total 64000K, used 63975K [0x00000000eab00000, 0x00000000f3b00000, 0x0000000100000000)
  eden space 61440K, 100% used [0x00000000eab00000,0x00000000ee700000,0x00000000ee700000)
  from space 2560K, 99% used [0x00000000ee700000,0x00000000ee979ee0,0x00000000ee980000)
  to   space 12288K, 0% used [0x00000000f2f00000,0x00000000f2f00000,0x00000000f3b00000)
 ParOldGen       total 40960K, used 23033K [0x00000000c0000000, 0x00000000c2800000, 0x00000000eab00000)
  object space 40960K, 56% used [0x00000000c0000000,0x00000000c167e550,0x00000000c2800000)
 Metaspace       used 5958K, capacity 7152K, committed 7296K, reserved 1056768K
  class space    used 556K, capacity 616K, committed 640K, reserved 1048576K
Event: 9,006 GC heap after
Heap after GC invocations=6 (full 0):
 PSYoungGen      total 133120K, used 12024K [0x00000000eab00000, 0x00000000f3f00000, 0x0000000100000000)
  eden space 120832K, 0% used [0x00000000eab00000,0x00000000eab00000,0x00000000f2100000)
  from space 12288K, 97% used [0x00000000f2f00000,0x00000000f3abe128,0x00000000f3b00000)
  to   space 14336K, 0% used [0x00000000f2100000,0x00000000f2100000,0x00000000f2f00000)
 ParOldGen       total 40960K, used 23033K [0x00000000c0000000, 0x00000000c2800000, 0x00000000eab00000)
  object space 40960K, 56% used [0x00000000c0000000,0x00000000c167e550,0x00000000c2800000)
 Metaspace       used 5958K, capacity 7152K, committed 7296K, reserved 1056768K
  class space    used 556K, capacity 616K, committed 640K, reserved 1048576K
}
Event: 12,832 GC heap before
{Heap before GC invocations=7 (full 0):
 PSYoungGen      total 133120K, used 132856K [0x00000000eab00000, 0x00000000f3f00000, 0x0000000100000000)
  eden space 120832K, 100% used [0x00000000eab00000,0x00000000f2100000,0x00000000f2100000)
  from space 12288K, 97% used [0x00000000f2f00000,0x00000000f3abe128,0x00000000f3b00000)
  to   space 14336K, 0% used [0x00000000f2100000,0x00000000f2100000,0x00000000f2f00000)
 ParOldGen       total 40960K, used 23033K [0x00000000c0000000, 0x00000000c2800000, 0x00000000eab00000)
  object space 40960K, 56% used [0x00000000c0000000,0x00000000c167e550,0x00000000c2800000)
 Metaspace       used 6075K, capacity 7152K, committed 7296K, reserved 1056768K
  class space    used 575K, capacity 616K, committed 640K, reserved 1048576K

Deoptimization events (10 events):
Event: 11,243 Thread 0x00007f796000a000 Uncommon trap: reason=unstable_if action=reinterpret pc=0x00007f795173bae8 method=java.util.HashMap.putVal(ILjava/lang/Object;Ljava/lang/Object;ZZ)Ljava/lang/Object; @ 109
Event: 11,243 Thread 0x00007f796000a000 Uncommon trap: reason=unstable_if action=reinterpret pc=0x00007f79513a61f8 method=java.util.HashMap.getNode(ILjava/lang/Object;)Ljava/util/HashMap$Node; @ 84
Event: 11,312 Thread 0x00007f796000a000 Uncommon trap: reason=bimorphic action=maybe_recompile pc=0x00007f795176df10 method=com.android.dx.cf.code.BytecodeArray.parseInstruction(ILcom/android/dx/cf/code/BytecodeArray$Visitor;)I @ 939
Event: 11,312 Thread 0x00007f796000a000 Uncommon trap: reason=bimorphic action=maybe_recompile pc=0x00007f795176e190 method=com.android.dx.cf.code.BytecodeArray.parseInstruction(ILcom/android/dx/cf/code/BytecodeArray$Visitor;)I @ 1035
Event: 11,312 Thread 0x00007f796000a000 Uncommon trap: reason=bimorphic action=maybe_recompile pc=0x00007f795176e190 method=com.android.dx.cf.code.BytecodeArray.parseInstruction(ILcom/android/dx/cf/code/BytecodeArray$Visitor;)I @ 1035
Event: 11,637 Thread 0x00007f796000a000 Uncommon trap: reason=class_check action=maybe_recompile pc=0x00007f795175b418 method=com.android.dx.cf.code.OneLocalsArray.set(ILcom/android/dx/rop/type/TypeBearer;)V @ 85
Event: 11,637 Thread 0x00007f796000a000 Uncommon trap: reason=class_check action=maybe_recompile pc=0x00007f795175b418 method=com.android.dx.cf.code.OneLocalsArray.set(ILcom/android/dx/rop/type/TypeBearer;)V @ 85
Event: 11,640 Thread 0x00007f796000a000 Uncommon trap: reason=class_check action=maybe_recompile pc=0x00007f795175b418 method=com.android.dx.cf.code.OneLocalsArray.set(ILcom/android/dx/rop/type/TypeBearer;)V @ 85
Event: 11,640 Thread 0x00007f796000a000 Uncommon trap: reason=class_check action=maybe_recompile pc=0x00007f795175b418 method=com.android.dx.cf.code.OneLocalsArray.set(ILcom/android/dx/rop/type/TypeBearer;)V @ 85
Event: 11,926 Thread 0x00007f796000a000 Uncommon trap: reason=unstable_if action=reinterpret pc=0x00007f7951623580 method=com.android.dx.ssa.MoveParamCombiner$1.visitNonMoveInsn(Lcom/android/dx/ssa/NormalSsaInsn;)V @ 27

Internal exceptions (6 events):
Event: 0,110 Thread 0x00007f796000a000 Exception <a 'java/lang/NoSuchMethodError': Method sun.misc.Unsafe.defineClass(Ljava/lang/String;[BII)Ljava/lang/Class; name or signature does not match> (0x00000000eab07cc0) thrown at [/HUDSON/workspace/8-2-build-linux-amd64/jdk8u91/6644/hotspot/src/shar
Event: 0,110 Thread 0x00007f796000a000 Exception <a 'java/lang/NoSuchMethodError': Method sun.misc.Unsafe.prefetchRead(Ljava/lang/Object;J)V name or signature does not match> (0x00000000eab07fa8) thrown at [/HUDSON/workspace/8-2-build-linux-amd64/jdk8u91/6644/hotspot/src/share/vm/prims/jni.cpp
Event: 6,448 Thread 0x00007f796000a000 Implicit null exception at 0x00007f7951653ce5 to 0x00007f79516569c9
Event: 9,879 Thread 0x00007f796000a000 Exception <a 'java/lang/ArrayIndexOutOfBoundsException': 18> (0x00000000ec9f0750) thrown at [/HUDSON/workspace/8-2-build-linux-amd64/jdk8u91/6644/hotspot/src/share/vm/interpreter/interpreterRuntime.cpp, line 366]
Event: 9,879 Thread 0x00007f796000a000 Exception <a 'java/lang/ArrayIndexOutOfBoundsException'> (0x00000000ec9f22d0) thrown at [/HUDSON/workspace/8-2-build-linux-amd64/jdk8u91/6644/hotspot/src/share/vm/runtime/sharedRuntime.cpp, line 605]
Event: 9,881 Thread 0x00007f796000a000 Exception <a 'java/lang/ArrayIndexOutOfBoundsException'> (0x00000000ec9f35b8) thrown at [/HUDSON/workspace/8-2-build-linux-amd64/jdk8u91/6644/hotspot/src/share/vm/runtime/sharedRuntime.cpp, line 605]

Events (10 events):
Event: 11,640 Thread 0x00007f796000a000 Uncommon trap: trap_request=0xffffffde fr.pc=0x00007f795175b418
Event: 11,640 Thread 0x00007f796000a000 DEOPT PACKING pc=0x00007f795175b418 sp=0x00007f7968556e50
Event: 11,640 Thread 0x00007f796000a000 DEOPT UNPACKING pc=0x00007f7951005229 sp=0x00007f7968556d78 mode 2
Event: 11,640 Thread 0x00007f796000a000 Uncommon trap: trap_request=0xffffffde fr.pc=0x00007f795175b418
Event: 11,640 Thread 0x00007f796000a000 DEOPT PACKING pc=0x00007f795175b418 sp=0x00007f7968556e50
Event: 11,641 Thread 0x00007f796000a000 DEOPT UNPACKING pc=0x00007f7951005229 sp=0x00007f7968556d78 mode 2
Event: 11,926 Thread 0x00007f796000a000 Uncommon trap: trap_request=0xffffff65 fr.pc=0x00007f7951623580
Event: 11,926 Thread 0x00007f796000a000 DEOPT PACKING pc=0x00007f7951623580 sp=0x00007f7968557b20
Event: 11,926 Thread 0x00007f796000a000 DEOPT UNPACKING pc=0x00007f7951005229 sp=0x00007f7968557a98 mode 2
Event: 12,829 Executing VM operation: ParallelGCFailedAllocation


Dynamic libraries:
00400000-00401000 r-xp 00000000 08:03 1831830                            /usr/lib/jvm/java-8-oracle/bin/java
00600000-00601000 rw-p 00000000 08:03 1831830                            /usr/lib/jvm/java-8-oracle/bin/java
018c3000-018e4000 rw-p 00000000 00:00 0                                  [heap]
c0000000-c2800000 rw-p 00000000 00:00 0 
c2800000-eab00000 ---p 00000000 00:00 0 
eab00000-f3f00000 rw-p 00000000 00:00 0 
fc500000-100000000 ---p 00000000 00:00 0 
100000000-1000a0000 rw-p 00000000 00:00 0 
1000a0000-140000000 ---p 00000000 00:00 0 
7f7918000000-7f7918021000 rw-p 00000000 00:00 0 
7f7918021000-7f791c000000 ---p 00000000 00:00 0 
7f791c000000-7f791c021000 rw-p 00000000 00:00 0 
7f791c021000-7f7920000000 ---p 00000000 00:00 0 
7f7920000000-7f79212f8000 rw-p 00000000 00:00 0 
7f79212f8000-7f7924000000 ---p 00000000 00:00 0 
7f7924000000-7f7924915000 rw-p 00000000 00:00 0 
7f7924915000-7f7928000000 ---p 00000000 00:00 0 
7f7928000000-7f7928021000 rw-p 00000000 00:00 0 
7f7928021000-7f792c000000 ---p 00000000 00:00 0 
7f792c000000-7f792d666000 rw-p 00000000 00:00 0 
7f792d666000-7f7930000000 ---p 00000000 00:00 0 
7f7930000000-7f7930021000 rw-p 00000000 00:00 0 
7f7930021000-7f7934000000 ---p 00000000 00:00 0 
7f7934000000-7f7934021000 rw-p 00000000 00:00 0 
7f7934021000-7f7938000000 ---p 00000000 00:00 0 
7f7938000000-7f7938021000 rw-p 00000000 00:00 0 
7f7938021000-7f793c000000 ---p 00000000 00:00 0 
7f793c000000-7f793c297000 rw-p 00000000 00:00 0 
7f793c297000-7f7940000000 ---p 00000000 00:00 0 
7f7940000000-7f7940021000 rw-p 00000000 00:00 0 
7f7940021000-7f7944000000 ---p 00000000 00:00 0 
7f7944000000-7f7944021000 rw-p 00000000 00:00 0 
7f7944021000-7f7948000000 ---p 00000000 00:00 0 
7f7948000000-7f7948021000 rw-p 00000000 00:00 0 
7f7948021000-7f794c000000 ---p 00000000 00:00 0 
7f794d298000-7f794d29f000 r--s 00000000 08:03 1969873                    /usr/lib/x86_64-linux-gnu/gconv/gconv-modules.cache
7f794d29f000-7f794d2c0000 r--p 00000000 08:03 2105642                    /usr/share/locale-langpack/pt_BR/LC_MESSAGES/libc.mo
7f794d2c0000-7f794d2d2000 r--s 000c6000 08:04 156322                     /home/aweiand/AndroidStudioProjects/GuiaTST/app/build/intermediates/exploded-aar/com.android.support/support-v4/22.2.1/jars/classes.jar
7f794d2d2000-7f794d2d3000 ---p 00000000 00:00 0 
7f794d2d3000-7f794d3d3000 rw-p 00000000 00:00 0 
7f794d3d3000-7f794d3d6000 ---p 00000000 00:00 0 
7f794d3d6000-7f794d4d4000 rw-p 00000000 00:00 0 
7f794d4d4000-7f794d4d7000 ---p 00000000 00:00 0 
7f794d4d7000-7f794d5d5000 rw-p 00000000 00:00 0 
7f794d5d5000-7f794d5d8000 ---p 00000000 00:00 0 
7f794d5d8000-7f794d6d6000 rw-p 00000000 00:00 0 
7f794d6d6000-7f794d6d9000 ---p 00000000 00:00 0 
7f794d6d9000-7f794d7d7000 rw-p 00000000 00:00 0 
7f794d7d7000-7f794d7da000 ---p 00000000 00:00 0 
7f794d7da000-7f794d8d8000 rw-p 00000000 00:00 0 
7f794d8d8000-7f794dbb2000 r--p 00000000 08:03 1715711                    /usr/lib/locale/locale-archive
7f794dbb2000-7f794dbb5000 ---p 00000000 00:00 0 
7f794dbb5000-7f794dcb3000 rw-p 00000000 00:00 0 
7f794dcb3000-7f794dcb6000 ---p 00000000 00:00 0 
7f794dcb6000-7f794ddb4000 rw-p 00000000 00:00 0 
7f794ddb4000-7f794ddb5000 ---p 00000000 00:00 0 
7f794ddb5000-7f794ee27000 rw-p 00000000 00:00 0 
7f794ee27000-7f794f000000 r--s 03d1f000 08:03 1711658                    /usr/lib/jvm/java-8-oracle/jre/lib/rt.jar
7f794f000000-7f7951000000 rw-p 00000000 00:00 0 
7f7951000000-7f79517c0000 rwxp 00000000 00:00 0 
7f79517c0000-7f7960000000 ---p 00000000 00:00 0 
7f7960000000-7f796039a000 rw-p 00000000 00:00 0 
7f796039a000-7f7964000000 ---p 00000000 00:00 0 
7f7964003000-7f7964748000 rw-p 00000000 00:00 0 
7f7964748000-7f79648c8000 ---p 00000000 00:00 0 
7f79648c8000-7f7964ac8000 rw-p 00000000 00:00 0 
7f7964ac8000-7f7964ac9000 ---p 00000000 00:00 0 
7f7964ac9000-7f7964bc9000 rw-p 00000000 00:00 0 
7f7964bc9000-7f7964bca000 ---p 00000000 00:00 0 
7f7964bca000-7f7964cca000 rw-p 00000000 00:00 0 
7f7964cca000-7f7964ccb000 ---p 00000000 00:00 0 
7f7964ccb000-7f7964dcb000 rw-p 00000000 00:00 0 
7f7964dcb000-7f7964dcc000 ---p 00000000 00:00 0 
7f7964dcc000-7f7964ee0000 rw-p 00000000 00:00 0 
7f7964ee0000-7f7965022000 ---p 00000000 00:00 0 
7f7965022000-7f7965036000 rw-p 00000000 00:00 0 
7f7965036000-7f7965177000 ---p 00000000 00:00 0 
7f7965177000-7f79651c2000 rw-p 00000000 00:00 0 
7f79651c2000-7f7965222000 ---p 00000000 00:00 0 
7f7965222000-7f7965242000 rw-p 00000000 00:00 0 
7f7965242000-7f79655e3000 ---p 00000000 00:00 0 
7f79655e3000-7f79655fd000 r-xp 00000000 08:03 1740573                    /usr/lib/jvm/java-8-oracle/jre/lib/amd64/libzip.so
7f79655fd000-7f79657fd000 ---p 0001a000 08:03 1740573                    /usr/lib/jvm/java-8-oracle/jre/lib/amd64/libzip.so
7f79657fd000-7f79657fe000 rw-p 0001a000 08:03 1740573                    /usr/lib/jvm/java-8-oracle/jre/lib/amd64/libzip.so
7f79657fe000-7f7965809000 r-xp 00000000 08:03 568271                     /lib/x86_64-linux-gnu/libnss_files-2.23.so
7f7965809000-7f7965a08000 ---p 0000b000 08:03 568271                     /lib/x86_64-linux-gnu/libnss_files-2.23.so
7f7965a08000-7f7965a09000 r--p 0000a000 08:03 568271                     /lib/x86_64-linux-gnu/libnss_files-2.23.so
7f7965a09000-7f7965a0a000 rw-p 0000b000 08:03 568271                     /lib/x86_64-linux-gnu/libnss_files-2.23.so
7f7965a0a000-7f7965a10000 rw-p 00000000 00:00 0 
7f7965a10000-7f7965a1b000 r-xp 00000000 08:03 568267                     /lib/x86_64-linux-gnu/libnss_nis-2.23.so
7f7965a1b000-7f7965c1a000 ---p 0000b000 08:03 568267                     /lib/x86_64-linux-gnu/libnss_nis-2.23.so
7f7965c1a000-7f7965c1b000 r--p 0000a000 08:03 568267                     /lib/x86_64-linux-gnu/libnss_nis-2.23.so
7f7965c1b000-7f7965c1c000 rw-p 0000b000 08:03 568267                     /lib/x86_64-linux-gnu/libnss_nis-2.23.so
7f7965c1c000-7f7965c32000 r-xp 00000000 08:03 568261                     /lib/x86_64-linux-gnu/libnsl-2.23.so
7f7965c32000-7f7965e31000 ---p 00016000 08:03 568261                     /lib/x86_64-linux-gnu/libnsl-2.23.so
7f7965e31000-7f7965e32000 r--p 00015000 08:03 568261                     /lib/x86_64-linux-gnu/libnsl-2.23.so
7f7965e32000-7f7965e33000 rw-p 00016000 08:03 568261                     /lib/x86_64-linux-gnu/libnsl-2.23.so
7f7965e33000-7f7965e35000 rw-p 00000000 00:00 0 
7f7965e35000-7f7965e3d000 r-xp 00000000 08:03 568257                     /lib/x86_64-linux-gnu/libnss_compat-2.23.so
7f7965e3d000-7f796603c000 ---p 00008000 08:03 568257                     /lib/x86_64-linux-gnu/libnss_compat-2.23.so
7f796603c000-7f796603d000 r--p 00007000 08:03 568257                     /lib/x86_64-linux-gnu/libnss_compat-2.23.so
7f796603d000-7f796603e000 rw-p 00008000 08:03 568257                     /lib/x86_64-linux-gnu/libnss_compat-2.23.so
7f796603e000-7f7966068000 r-xp 00000000 08:03 1740574                    /usr/lib/jvm/java-8-oracle/jre/lib/amd64/libjava.so
7f7966068000-7f7966268000 ---p 0002a000 08:03 1740574                    /usr/lib/jvm/java-8-oracle/jre/lib/amd64/libjava.so
7f7966268000-7f796626a000 rw-p 0002a000 08:03 1740574                    /usr/lib/jvm/java-8-oracle/jre/lib/amd64/libjava.so
7f796626a000-7f7966277000 r-xp 00000000 08:03 1741645                    /usr/lib/jvm/java-8-oracle/jre/lib/amd64/libverify.so
7f7966277000-7f7966477000 ---p 0000d000 08:03 1741645                    /usr/lib/jvm/java-8-oracle/jre/lib/amd64/libverify.so
7f7966477000-7f7966479000 rw-p 0000d000 08:03 1741645                    /usr/lib/jvm/java-8-oracle/jre/lib/amd64/libverify.so
7f7966479000-7f7966480000 r-xp 00000000 08:03 577301                     /lib/x86_64-linux-gnu/librt-2.23.so
7f7966480000-7f796667f000 ---p 00007000 08:03 577301                     /lib/x86_64-linux-gnu/librt-2.23.so
7f796667f000-7f7966680000 r--p 00006000 08:03 577301                     /lib/x86_64-linux-gnu/librt-2.23.so
7f7966680000-7f7966681000 rw-p 00007000 08:03 577301                     /lib/x86_64-linux-gnu/librt-2.23.so
7f7966681000-7f7966789000 r-xp 00000000 08:03 568283                     /lib/x86_64-linux-gnu/libm-2.23.so
7f7966789000-7f7966988000 ---p 00108000 08:03 568283                     /lib/x86_64-linux-gnu/libm-2.23.so
7f7966988000-7f7966989000 r--p 00107000 08:03 568283                     /lib/x86_64-linux-gnu/libm-2.23.so
7f7966989000-7f796698a000 rw-p 00108000 08:03 568283                     /lib/x86_64-linux-gnu/libm-2.23.so
7f796698a000-7f796764a000 r-xp 00000000 08:03 1740535                    /usr/lib/jvm/java-8-oracle/jre/lib/amd64/server/libjvm.so
7f796764a000-7f796784a000 ---p 00cc0000 08:03 1740535                    /usr/lib/jvm/java-8-oracle/jre/lib/amd64/server/libjvm.so
7f796784a000-7f7967922000 rw-p 00cc0000 08:03 1740535                    /usr/lib/jvm/java-8-oracle/jre/lib/amd64/server/libjvm.so
7f7967922000-7f796796d000 rw-p 00000000 00:00 0 
7f796796d000-7f7967b2d000 r-xp 00000000 08:03 577312                     /lib/x86_64-linux-gnu/libc-2.23.so
7f7967b2d000-7f7967d2c000 ---p 001c0000 08:03 577312                     /lib/x86_64-linux-gnu/libc-2.23.so
7f7967d2c000-7f7967d30000 r--p 001bf000 08:03 577312                     /lib/x86_64-linux-gnu/libc-2.23.so
7f7967d30000-7f7967d32000 rw-p 001c3000 08:03 577312                     /lib/x86_64-linux-gnu/libc-2.23.so
7f7967d32000-7f7967d36000 rw-p 00000000 00:00 0 
7f7967d36000-7f7967d39000 r-xp 00000000 08:03 577315                     /lib/x86_64-linux-gnu/libdl-2.23.so
7f7967d39000-7f7967f38000 ---p 00003000 08:03 577315                     /lib/x86_64-linux-gnu/libdl-2.23.so
7f7967f38000-7f7967f39000 r--p 00002000 08:03 577315                     /lib/x86_64-linux-gnu/libdl-2.23.so
7f7967f39000-7f7967f3a000 rw-p 00003000 08:03 577315                     /lib/x86_64-linux-gnu/libdl-2.23.so
7f7967f3a000-7f7967f4f000 r-xp 00000000 08:03 1794128                    /usr/lib/jvm/java-8-oracle/lib/amd64/jli/libjli.so
7f7967f4f000-7f796814f000 ---p 00015000 08:03 1794128                    /usr/lib/jvm/java-8-oracle/lib/amd64/jli/libjli.so
7f796814f000-7f7968150000 rw-p 00015000 08:03 1794128                    /usr/lib/jvm/java-8-oracle/lib/amd64/jli/libjli.so
7f7968150000-7f7968168000 r-xp 00000000 08:03 577310                     /lib/x86_64-linux-gnu/libpthread-2.23.so
7f7968168000-7f7968367000 ---p 00018000 08:03 577310                     /lib/x86_64-linux-gnu/libpthread-2.23.so
7f7968367000-7f7968368000 r--p 00017000 08:03 577310                     /lib/x86_64-linux-gnu/libpthread-2.23.so
7f7968368000-7f7968369000 rw-p 00018000 08:03 577310                     /lib/x86_64-linux-gnu/libpthread-2.23.so
7f7968369000-7f796836d000 rw-p 00000000 00:00 0 
7f796836d000-7f7968393000 r-xp 00000000 08:03 577304                     /lib/x86_64-linux-gnu/ld-2.23.so
7f7968394000-7f7968459000 rw-p 00000000 00:00 0 
7f7968459000-7f796845c000 ---p 00000000 00:00 0 
7f796845c000-7f796855e000 rw-p 00000000 00:00 0 
7f7968563000-7f7968572000 r--s 000dd000 08:04 2368349                    /home/aweiand/android-sdk-linux/build-tools/22.0.1/lib/dx.jar
7f7968572000-7f7968586000 rw-p 00000000 00:00 0 
7f7968586000-7f796858e000 rw-s 00000000 08:03 1105468                    /tmp/hsperfdata_aweiand/12472
7f796858e000-7f796858f000 rw-p 00000000 00:00 0 
7f796858f000-7f7968590000 ---p 00000000 00:00 0 
7f7968590000-7f7968592000 rw-p 00000000 00:00 0 
7f7968592000-7f7968593000 r--p 00025000 08:03 577304                     /lib/x86_64-linux-gnu/ld-2.23.so
7f7968593000-7f7968594000 rw-p 00026000 08:03 577304                     /lib/x86_64-linux-gnu/ld-2.23.so
7f7968594000-7f7968595000 rw-p 00000000 00:00 0 
7ffc899ac000-7ffc899ce000 rw-p 00000000 00:00 0                          [stack]
7ffc899e5000-7ffc899e7000 r--p 00000000 00:00 0                          [vvar]
7ffc899e7000-7ffc899e9000 r-xp 00000000 00:00 0                          [vdso]
ffffffffff600000-ffffffffff601000 r-xp 00000000 00:00 0                  [vsyscall]

VM Arguments:
jvm_args: -Djava.awt.headless=true -Xmx1024M -Dfile.encoding=UTF-8 -Duser.country=BR -Duser.language=pt -Duser.variant 
java_command: com.android.dx.command.Main --dex --force-jumbo --multi-dex --output /home/aweiand/AndroidStudioProjects/GuiaTST/app/build/intermediates/transforms/dex/debug/folders/1000/10/com.android.support-support-v4-22.2.1_8a6222c3a612eba0efaa3f304552b74649298765 /home/aweiand/AndroidStudioProjects/GuiaTST/app/build/intermediates/exploded-aar/com.android.support/support-v4/22.2.1/jars/classes.jar
java_class_path (initial): /home/aweiand/android-sdk-linux/build-tools/22.0.1/lib/dx.jar
Launcher Type: SUN_STANDARD

Environment Variables:
JAVA_HOME=/usr/lib/jvm/java-7-oracle
PATH=/usr/local/heroku/bin:/home/aweiand/google-cloud-sdk/bin:/home/aweiand/.rvm/gems/ruby-2.2.0/bin:/home/aweiand/.rvm/gems/ruby-2.2.0@global/bin:/home/aweiand/.rvm/rubies/ruby-2.2.0/bin:/usr/local/sbin:/usr/local/bin:/usr/sbin:/usr/bin:/sbin:/bin:/usr/games:/usr/local/games:/usr/lib/jvm/java-7-oracle/bin:/usr/lib/jvm/java-7-oracle/db/bin:/usr/lib/jvm/java-7-oracle/jre/bin:/home/aweiand/.rvm/bin:/home/aweiand/.rvm/bin:/home/aweiand/android-studio/bin/
LD_LIBRARY_PATH=/home/aweiand/android-studio/bin:
SHELL=/bin/bash
DISPLAY=:0

Signal Handlers:
SIGSEGV: [libjvm.so+0xabca10], sa_mask[0]=11111111011111111101111111111110, sa_flags=SA_RESTART|SA_SIGINFO
SIGBUS: [libjvm.so+0xabca10], sa_mask[0]=11111111011111111101111111111110, sa_flags=SA_RESTART|SA_SIGINFO
SIGFPE: [libjvm.so+0x919a20], sa_mask[0]=11111111011111111101111111111110, sa_flags=SA_RESTART|SA_SIGINFO
SIGPIPE: [libjvm.so+0x919a20], sa_mask[0]=11111111011111111101111111111110, sa_flags=SA_RESTART|SA_SIGINFO
SIGXFSZ: [libjvm.so+0x919a20], sa_mask[0]=11111111011111111101111111111110, sa_flags=SA_RESTART|SA_SIGINFO
SIGILL: [libjvm.so+0x919a20], sa_mask[0]=11111111011111111101111111111110, sa_flags=SA_RESTART|SA_SIGINFO
SIGUSR1: SIG_DFL, sa_mask[0]=00000000000000000000000000000000, sa_flags=none
SIGUSR2: [libjvm.so+0x91b050], sa_mask[0]=00100000000000000000000000000000, sa_flags=SA_RESTART|SA_SIGINFO
SIGHUP: [libjvm.so+0x91c450], sa_mask[0]=11111111011111111101111111111110, sa_flags=SA_RESTART|SA_SIGINFO
SIGINT: [libjvm.so+0x91c450], sa_mask[0]=11111111011111111101111111111110, sa_flags=SA_RESTART|SA_SIGINFO
SIGTERM: [libjvm.so+0x91c450], sa_mask[0]=11111111011111111101111111111110, sa_flags=SA_RESTART|SA_SIGINFO
SIGQUIT: [libjvm.so+0x91c450], sa_mask[0]=11111111011111111101111111111110, sa_flags=SA_RESTART|SA_SIGINFO


---------------  S Y S T E M  ---------------

OS:DISTRIB_ID=Ubuntu
DISTRIB_RELEASE=16.04
DISTRIB_CODENAME=xenial
DISTRIB_DESCRIPTION="Ubuntu 16.04.1 LTS"

uname:Linux 4.4.0-38-generic #57-Ubuntu SMP Tue Sep 6 15:42:33 UTC 2016 x86_64
libc:glibc 2.23 NPTL 2.23 
rlimit: STACK 8192k, CORE 0k, NPROC 14338, NOFILE 65536, AS infinity
load average:3,91 1,70 1,19

/proc/meminfo:
MemTotal:        3901872 kB
MemFree:           94012 kB
MemAvailable:      22976 kB
Buffers:             612 kB
Cached:           241664 kB
SwapCached:        13276 kB
Active:          2576728 kB
Inactive:         984376 kB
Active(anon):    2553700 kB
Inactive(anon):   959064 kB
Active(file):      23028 kB
Inactive(file):    25312 kB
Unevictable:         688 kB
Mlocked:             688 kB
SwapTotal:       2961404 kB
SwapFree:              0 kB
Dirty:               164 kB
Writeback:             0 kB
AnonPages:       3308776 kB
Mapped:           100592 kB
Shmem:            193128 kB
Slab:             100780 kB
SReclaimable:      49944 kB
SUnreclaim:        50836 kB
KernelStack:       15936 kB
PageTables:        74152 kB
NFS_Unstable:          0 kB
Bounce:                0 kB
WritebackTmp:          0 kB
CommitLimit:     4912340 kB
Committed_AS:   16623232 kB
VmallocTotal:   34359738367 kB
VmallocUsed:           0 kB
VmallocChunk:          0 kB
HardwareCorrupted:     0 kB
AnonHugePages:   1234944 kB
CmaTotal:              0 kB
CmaFree:               0 kB
HugePages_Total:       0
HugePages_Free:        0
HugePages_Rsvd:        0
HugePages_Surp:        0
Hugepagesize:       2048 kB
DirectMap4k:      163216 kB
DirectMap2M:     3887104 kB


CPU:total 4 (2 cores per cpu, 2 threads per core) family 6 model 58 stepping 9, cmov, cx8, fxsr, mmx, sse, sse2, sse3, ssse3, sse4.1, sse4.2, popcnt, avx, aes, clmul, erms, ht, tsc, tscinvbit, tscinv

/proc/cpuinfo:
processor	: 0
vendor_id	: GenuineIntel
cpu family	: 6
model		: 58
model name	: Intel(R) Core(TM) i5-3210M CPU @ 2.50GHz
stepping	: 9
microcode	: 0x15
cpu MHz		: 2899.902
cache size	: 3072 KB
physical id	: 0
siblings	: 4
core id		: 0
cpu cores	: 2
apicid		: 0
initial apicid	: 0
fpu		: yes
fpu_exception	: yes
cpuid level	: 13
wp		: yes
flags		: fpu vme de pse tsc msr pae mce cx8 apic sep mtrr pge mca cmov pat pse36 clflush dts acpi mmx fxsr sse sse2 ss ht tm pbe syscall nx rdtscp lm constant_tsc arch_perfmon pebs bts rep_good nopl xtopology nonstop_tsc aperfmperf eagerfpu pni pclmulqdq dtes64 monitor ds_cpl vmx est tm2 ssse3 cx16 xtpr pdcm pcid sse4_1 sse4_2 x2apic popcnt tsc_deadline_timer aes xsave avx f16c rdrand lahf_lm epb tpr_shadow vnmi flexpriority ept vpid fsgsbase smep erms xsaveopt dtherm ida arat pln pts
bugs		:
bogomips	: 4989.03
clflush size	: 64
cache_alignment	: 64
address sizes	: 36 bits physical, 48 bits virtual
power management:

processor	: 1
vendor_id	: GenuineIntel
cpu family	: 6
model		: 58
model name	: Intel(R) Core(TM) i5-3210M CPU @ 2.50GHz
stepping	: 9
microcode	: 0x15
cpu MHz		: 2899.902
cache size	: 3072 KB
physical id	: 0
siblings	: 4
core id		: 0
cpu cores	: 2
apicid		: 1
initial apicid	: 1
fpu		: yes
fpu_exception	: yes
cpuid level	: 13
wp		: yes
flags		: fpu vme de pse tsc msr pae mce cx8 apic sep mtrr pge mca cmov pat pse36 clflush dts acpi mmx fxsr sse sse2 ss ht tm pbe syscall nx rdtscp lm constant_tsc arch_perfmon pebs bts rep_good nopl xtopology nonstop_tsc aperfmperf eagerfpu pni pclmulqdq dtes64 monitor ds_cpl vmx est tm2 ssse3 cx16 xtpr pdcm pcid sse4_1 sse4_2 x2apic popcnt tsc_deadline_timer aes xsave avx f16c rdrand lahf_lm epb tpr_shadow vnmi flexpriority ept vpid fsgsbase smep erms xsaveopt dtherm ida arat pln pts
bugs		:
bogomips	: 4989.03
clflush size	: 64
cache_alignment	: 64
address sizes	: 36 bits physical, 48 bits virtual
power management:

processor	: 2
vendor_id	: GenuineIntel
cpu family	: 6
model		: 58
model name	: Intel(R) Core(TM) i5-3210M CPU @ 2.50GHz
stepping	: 9
microcode	: 0x15
cpu MHz		: 2900.000
cache size	: 3072 KB
physical id	: 0
siblings	: 4
core id		: 1
cpu cores	: 2
apicid		: 2
initial apicid	: 2
fpu		: yes
fpu_exception	: yes
cpuid level	: 13
wp		: yes
flags		: fpu vme de pse tsc msr pae mce cx8 apic sep mtrr pge mca cmov pat pse36 clflush dts acpi mmx fxsr sse sse2 ss ht tm pbe syscall nx rdtscp lm constant_tsc arch_perfmon pebs bts rep_good nopl xtopology nonstop_tsc aperfmperf eagerfpu pni pclmulqdq dtes64 monitor ds_cpl vmx est tm2 ssse3 cx16 xtpr pdcm pcid sse4_1 sse4_2 x2apic popcnt tsc_deadline_timer aes xsave avx f16c rdrand lahf_lm epb tpr_shadow vnmi flexpriority ept vpid fsgsbase smep erms xsaveopt dtherm ida arat pln pts
bugs		:
bogomips	: 4989.03
clflush size	: 64
cache_alignment	: 64
address sizes	: 36 bits physical, 48 bits virtual
power management:

processor	: 3
vendor_id	: GenuineIntel
cpu family	: 6
model		: 58
model name	: Intel(R) Core(TM) i5-3210M CPU @ 2.50GHz
stepping	: 9
microcode	: 0x15
cpu MHz		: 2899.902
cache size	: 3072 KB
physical id	: 0
siblings	: 4
core id		: 1
cpu cores	: 2
apicid		: 3
initial apicid	: 3
fpu		: yes
fpu_exception	: yes
cpuid level	: 13
wp		: yes
flags		: fpu vme de pse tsc msr pae mce cx8 apic sep mtrr pge mca cmov pat pse36 clflush dts acpi mmx fxsr sse sse2 ss ht tm pbe syscall nx rdtscp lm constant_tsc arch_perfmon pebs bts rep_good nopl xtopology nonstop_tsc aperfmperf eagerfpu pni pclmulqdq dtes64 monitor ds_cpl vmx est tm2 ssse3 cx16 xtpr pdcm pcid sse4_1 sse4_2 x2apic popcnt tsc_deadline_timer aes xsave avx f16c rdrand lahf_lm epb tpr_shadow vnmi flexpriority ept vpid fsgsbase smep erms xsaveopt dtherm ida arat pln pts
bugs		:
bogomips	: 4989.03
clflush size	: 64
cache_alignment	: 64
address sizes	: 36 bits physical, 48 bits virtual
power management:



Memory: 4k page, physical 3901872k(94112k free), swap 2961404k(0k free)

vm_info: Java HotSpot(TM) 64-Bit Server VM (25.91-b14) for linux-amd64 JRE (1.8.0_91-b14), built on Apr  1 2016 00:57:21 by "java_re" with gcc 4.3.0 20080428 (Red Hat 4.3.0-8)

time: Sun Oct  2 16:57:17 2016
elapsed time: 13 seconds (0d 0h 0m 13s)

