#
# There is insufficient memory for the Java Runtime Environment to continue.
# Native memory allocation (mmap) failed to map 141557760 bytes for committing reserved memory.
# Possible reasons:
#   The system is out of physical RAM or swap space
#   In 32 bit mode, the process size limit was hit
# Possible solutions:
#   Reduce memory load on the system
#   Increase physical memory or swap space
#   Check if swap backing store is full
#   Use 64 bit Java on a 64 bit OS
#   Decrease Java heap size (-Xmx/-Xms)
#   Decrease number of Java threads
#   Decrease Java thread stack sizes (-Xss)
#   Set larger code cache with -XX:ReservedCodeCacheSize=
# This output file may be truncated or incomplete.
#
#  Out of Memory Error (os_linux.cpp:2627), pid=13134, tid=140682714887936
#
# JRE version: Java(TM) SE Runtime Environment (8.0_91-b14) (build 1.8.0_91-b14)
# Java VM: Java HotSpot(TM) 64-Bit Server VM (25.91-b14 mixed mode linux-amd64 compressed oops)
# Failed to write core dump. Core dumps have been disabled. To enable core dumping, try "ulimit -c unlimited" before starting Java again
#

---------------  T H R E A D  ---------------

Current thread (0x00007ff360078000):  VMThread [stack: 0x00007ff33f2f3000,0x00007ff33f3f4000] [id=13159]

Stack: [0x00007ff33f2f3000,0x00007ff33f3f4000],  sp=0x00007ff33f3f2220,  free space=1020k
Native frames: (J=compiled Java code, j=interpreted, Vv=VM code, C=native code)
V  [libjvm.so+0xabc18a]  VMError::report_and_die()+0x2ba
V  [libjvm.so+0x4fafeb]  report_vm_out_of_memory(char const*, int, unsigned long, VMErrorType, char const*)+0x8b
V  [libjvm.so+0x91cbb3]  os::Linux::commit_memory_impl(char*, unsigned long, bool)+0x103
V  [libjvm.so+0x91d109]  os::pd_commit_memory(char*, unsigned long, unsigned long, bool)+0x29
V  [libjvm.so+0x91740a]  os::commit_memory(char*, unsigned long, unsigned long, bool)+0x2a
V  [libjvm.so+0x98b033]  PSVirtualSpace::expand_by(unsigned long)+0x53
V  [libjvm.so+0x98c438]  PSYoungGen::resize_generation(unsigned long, unsigned long)+0xf8
V  [libjvm.so+0x98b592]  PSYoungGen::resize(unsigned long, unsigned long)+0x22
V  [libjvm.so+0x98886b]  PSScavenge::invoke_no_policy()+0xf3b
V  [libjvm.so+0x988ff1]  PSScavenge::invoke()+0x41
V  [libjvm.so+0x9408b0]  ParallelScavengeHeap::failed_mem_allocate(unsigned long)+0x70
V  [libjvm.so+0xabdba7]  VM_ParallelGCFailedAllocation::doit()+0x97
V  [libjvm.so+0xac55d5]  VM_Operation::evaluate()+0x55
V  [libjvm.so+0xac39aa]  VMThread::evaluate_operation(VM_Operation*)+0xba
V  [libjvm.so+0xac3d2e]  VMThread::loop()+0x1ce
V  [libjvm.so+0xac41a0]  VMThread::run()+0x70
V  [libjvm.so+0x91ef78]  java_start(Thread*)+0x108

VM_Operation (0x00007ff369b39980): ParallelGCFailedAllocation, mode: safepoint, requested by thread 0x00007ff36000a000


---------------  P R O C E S S  ---------------

Java Threads: ( => current thread )
  0x00007ff3600c0000 JavaThread "Service Thread" daemon [_thread_blocked, id=13184, stack(0x00007ff33e912000,0x00007ff33ea13000)]
  0x00007ff3600bd000 JavaThread "C1 CompilerThread2" daemon [_thread_blocked, id=13183, stack(0x00007ff33ea13000,0x00007ff33eb14000)]
  0x00007ff3600bb800 JavaThread "C2 CompilerThread1" daemon [_thread_blocked, id=13180, stack(0x00007ff33eb14000,0x00007ff33ec15000)]
  0x00007ff3600b8800 JavaThread "C2 CompilerThread0" daemon [_thread_blocked, id=13177, stack(0x00007ff33ec15000,0x00007ff33ed16000)]
  0x00007ff3600b7000 JavaThread "Signal Dispatcher" daemon [_thread_blocked, id=13173, stack(0x00007ff33ed16000,0x00007ff33ee17000)]
  0x00007ff360084000 JavaThread "Finalizer" daemon [_thread_blocked, id=13168, stack(0x00007ff33f0f1000,0x00007ff33f1f2000)]
  0x00007ff36007f800 JavaThread "Reference Handler" daemon [_thread_blocked, id=13163, stack(0x00007ff33f1f2000,0x00007ff33f2f3000)]
  0x00007ff36000a000 JavaThread "main" [_thread_blocked, id=13139, stack(0x00007ff369a3b000,0x00007ff369b3c000)]

Other Threads:
=>0x00007ff360078000 VMThread [stack: 0x00007ff33f2f3000,0x00007ff33f3f4000] [id=13159]
  0x00007ff3600c3000 WatcherThread [stack: 0x00007ff33e811000,0x00007ff33e912000] [id=13186]

VM state:at safepoint (normal execution)

VM Mutex/Monitor currently owned by a thread:  ([mutex/lock_event])
[0x00007ff360006530] Threads_lock - owner thread: 0x00007ff360078000
[0x00007ff360006a30] Heap_lock - owner thread: 0x00007ff36000a000

Heap:
 PSYoungGen      total 135168K, used 14325K [0x00000000eab00000, 0x00000000f3f00000, 0x0000000100000000)
  eden space 120832K, 0% used [0x00000000eab00000,0x00000000eab00000,0x00000000f2100000)
  from space 14336K, 99% used [0x00000000f2100000,0x00000000f2efd448,0x00000000f2f00000)
  to   space 12288K, 0% used [0x00000000f2f00000,0x00000000f2f00000,0x00000000f3b00000)
 ParOldGen       total 40960K, used 37591K [0x00000000c0000000, 0x00000000c2800000, 0x00000000eab00000)
  object space 40960K, 91% used [0x00000000c0000000,0x00000000c24b5db8,0x00000000c2800000)
 Metaspace       used 6052K, capacity 7152K, committed 7296K, reserved 1056768K
  class space    used 575K, capacity 616K, committed 640K, reserved 1048576K

Card table byte_map: [0x00007ff366604000,0x00007ff366805000] byte_map_base: 0x00007ff366004000

Marking Bits: (ParMarkBitMap*) 0x00007ff368f22d60
 Begin Bits: [0x00007ff3640aa000, 0x00007ff3650aa000)
 End Bits:   [0x00007ff3650aa000, 0x00007ff3660aa000)

Polling page: 0x00007ff369b71000

CodeCache: size=245760Kb used=7810Kb max_used=7818Kb free=237949Kb
 bounds [0x00007ff351000000, 0x00007ff3517b0000, 0x00007ff360000000]
 total_blobs=2042 nmethods=1777 adapters=178
 compilation: enabled

Compilation events (10 events):
Event: 15,184 Thread 0x00007ff3600bb800 nmethod 1845 0x00007ff3517a4810 code [0x00007ff3517a4d60, 0x00007ff3517a72e8]
Event: 15,184 Thread 0x00007ff3600bb800 1841 %     4       com.android.dx.ssa.SsaConverter::placePhiFunctions @ 229 (394 bytes)
Event: 15,285 Thread 0x00007ff3600bd000 1860       1       java.util.TreeMap$Entry::getKey (5 bytes)
Event: 15,285 Thread 0x00007ff3600bd000 nmethod 1860 0x00007ff3517751d0 code [0x00007ff351775320, 0x00007ff351775430]
Event: 15,285 Thread 0x00007ff3600bd000 1861       2       com.android.dx.rop.code.RegisterSpecList::indexOfRegister (38 bytes)
Event: 15,286 Thread 0x00007ff3600bd000 nmethod 1861 0x00007ff351791050 code [0x00007ff3517911c0, 0x00007ff351791428]
Event: 15,701 Thread 0x00007ff3600bd000 1864       2       com.android.dx.rop.code.SwitchInsn::accept (8 bytes)
Event: 15,702 Thread 0x00007ff3600bd000 nmethod 1864 0x00007ff351790cd0 code [0x00007ff351790e40, 0x00007ff351790fc8]
Event: 15,715 Thread 0x00007ff3600bd000 1865       2       com.android.dx.ssa.DeadCodeRemover$NoSideEffectVisitor::visitMoveInsn (22 bytes)
Event: 15,716 Thread 0x00007ff3600bd000 nmethod 1865 0x00007ff3517907d0 code [0x00007ff351790940, 0x00007ff351790b38]

GC Heap History (10 events):
Event: 3,879 GC heap after
Heap after GC invocations=2 (full 0):
 PSYoungGen      total 33280K, used 2540K [0x00000000eab00000, 0x00000000ece00000, 0x0000000100000000)
  eden space 30720K, 0% used [0x00000000eab00000,0x00000000eab00000,0x00000000ec900000)
  from space 2560K, 99% used [0x00000000ecb80000,0x00000000ecdfb268,0x00000000ece00000)
  to   space 2560K, 0% used [0x00000000ec900000,0x00000000ec900000,0x00000000ecb80000)
 ParOldGen       total 40960K, used 4199K [0x00000000c0000000, 0x00000000c2800000, 0x00000000eab00000)
  object space 40960K, 10% used [0x00000000c0000000,0x00000000c0419d10,0x00000000c2800000)
 Metaspace       used 5683K, capacity 6960K, committed 7040K, reserved 1056768K
  class space    used 556K, capacity 616K, committed 640K, reserved 1048576K
}
Event: 5,059 GC heap before
{Heap before GC invocations=3 (full 0):
 PSYoungGen      total 33280K, used 33260K [0x00000000eab00000, 0x00000000ece00000, 0x0000000100000000)
  eden space 30720K, 100% used [0x00000000eab00000,0x00000000ec900000,0x00000000ec900000)
  from space 2560K, 99% used [0x00000000ecb80000,0x00000000ecdfb268,0x00000000ece00000)
  to   space 2560K, 0% used [0x00000000ec900000,0x00000000ec900000,0x00000000ecb80000)
 ParOldGen       total 40960K, used 4199K [0x00000000c0000000, 0x00000000c2800000, 0x00000000eab00000)
  object space 40960K, 10% used [0x00000000c0000000,0x00000000c0419d10,0x00000000c2800000)
 Metaspace       used 5805K, capacity 7024K, committed 7296K, reserved 1056768K
  class space    used 556K, capacity 616K, committed 640K, reserved 1048576K
Event: 5,096 GC heap after
Heap after GC invocations=3 (full 0):
 PSYoungGen      total 33280K, used 2558K [0x00000000eab00000, 0x00000000eec00000, 0x0000000100000000)
  eden space 30720K, 0% used [0x00000000eab00000,0x00000000eab00000,0x00000000ec900000)
  from space 2560K, 99% used [0x00000000ec900000,0x00000000ecb7f970,0x00000000ecb80000)
  to   space 2560K, 0% used [0x00000000ee980000,0x00000000ee980000,0x00000000eec00000)
 ParOldGen       total 40960K, used 9138K [0x00000000c0000000, 0x00000000c2800000, 0x00000000eab00000)
  object space 40960K, 22% used [0x00000000c0000000,0x00000000c08eca08,0x00000000c2800000)
 Metaspace       used 5805K, capacity 7024K, committed 7296K, reserved 1056768K
  class space    used 556K, capacity 616K, committed 640K, reserved 1048576K
}
Event: 6,156 GC heap before
{Heap before GC invocations=4 (full 0):
 PSYoungGen      total 33280K, used 33278K [0x00000000eab00000, 0x00000000eec00000, 0x0000000100000000)
  eden space 30720K, 100% used [0x00000000eab00000,0x00000000ec900000,0x00000000ec900000)
  from space 2560K, 99% used [0x00000000ec900000,0x00000000ecb7f970,0x00000000ecb80000)
  to   space 2560K, 0% used [0x00000000ee980000,0x00000000ee980000,0x00000000eec00000)
 ParOldGen       total 40960K, used 9138K [0x00000000c0000000, 0x00000000c2800000, 0x00000000eab00000)
  object space 40960K, 22% used [0x00000000c0000000,0x00000000c08eca08,0x00000000c2800000)
 Metaspace       used 5837K, capacity 7088K, committed 7296K, reserved 1056768K
  class space    used 556K, capacity 616K, committed 640K, reserved 1048576K
Event: 6,248 GC heap after
Heap after GC invocations=4 (full 0):
 PSYoungGen      total 64000K, used 2558K [0x00000000eab00000, 0x00000000eec00000, 0x0000000100000000)
  eden space 61440K, 0% used [0x00000000eab00000,0x00000000eab00000,0x00000000ee700000)
  from space 2560K, 99% used [0x00000000ee980000,0x00000000eebff970,0x00000000eec00000)
  to   space 2560K, 0% used [0x00000000ee700000,0x00000000ee700000,0x00000000ee980000)
 ParOldGen       total 40960K, used 13429K [0x00000000c0000000, 0x00000000c2800000, 0x00000000eab00000)
  object space 40960K, 32% used [0x00000000c0000000,0x00000000c0d1d6c8,0x00000000c2800000)
 Metaspace       used 5837K, capacity 7088K, committed 7296K, reserved 1056768K
  class space    used 556K, capacity 616K, committed 640K, reserved 1048576K
}
Event: 8,490 GC heap before
{Heap before GC invocations=5 (full 0):
 PSYoungGen      total 64000K, used 63998K [0x00000000eab00000, 0x00000000eec00000, 0x0000000100000000)
  eden space 61440K, 100% used [0x00000000eab00000,0x00000000ee700000,0x00000000ee700000)
  from space 2560K, 99% used [0x00000000ee980000,0x00000000eebff970,0x00000000eec00000)
  to   space 2560K, 0% used [0x00000000ee700000,0x00000000ee700000,0x00000000ee980000)
 ParOldGen       total 40960K, used 13429K [0x00000000c0000000, 0x00000000c2800000, 0x00000000eab00000)
  object space 40960K, 32% used [0x00000000c0000000,0x00000000c0d1d6c8,0x00000000c2800000)
 Metaspace       used 5890K, capacity 7088K, committed 7296K, reserved 1056768K
  class space    used 556K, capacity 616K, committed 640K, reserved 1048576K
Event: 8,628 GC heap after
Heap after GC invocations=5 (full 0):
 PSYoungGen      total 64000K, used 2543K [0x00000000eab00000, 0x00000000f3b00000, 0x0000000100000000)
  eden space 61440K, 0% used [0x00000000eab00000,0x00000000eab00000,0x00000000ee700000)
  from space 2560K, 99% used [0x00000000ee700000,0x00000000ee97bd28,0x00000000ee980000)
  to   space 12288K, 0% used [0x00000000f2f00000,0x00000000f2f00000,0x00000000f3b00000)
 ParOldGen       total 40960K, used 23106K [0x00000000c0000000, 0x00000000c2800000, 0x00000000eab00000)
  object space 40960K, 56% used [0x00000000c0000000,0x00000000c1690998,0x00000000c2800000)
 Metaspace       used 5890K, capacity 7088K, committed 7296K, reserved 1056768K
  class space    used 556K, capacity 616K, committed 640K, reserved 1048576K
}
Event: 12,287 GC heap before
{Heap before GC invocations=6 (full 0):
 PSYoungGen      total 64000K, used 63983K [0x00000000eab00000, 0x00000000f3b00000, 0x0000000100000000)
  eden space 61440K, 100% used [0x00000000eab00000,0x00000000ee700000,0x00000000ee700000)
  from space 2560K, 99% used [0x00000000ee700000,0x00000000ee97bd28,0x00000000ee980000)
  to   space 12288K, 0% used [0x00000000f2f00000,0x00000000f2f00000,0x00000000f3b00000)
 ParOldGen       total 40960K, used 23106K [0x00000000c0000000, 0x00000000c2800000, 0x00000000eab00000)
  object space 40960K, 56% used [0x00000000c0000000,0x00000000c1690998,0x00000000c2800000)
 Metaspace       used 5921K, capacity 7152K, committed 7296K, reserved 1056768K
  class space    used 556K, capacity 616K, committed 640K, reserved 1048576K
Event: 12,374 GC heap after
Heap after GC invocations=6 (full 0):
 PSYoungGen      total 133120K, used 12163K [0x00000000eab00000, 0x00000000f3f00000, 0x0000000100000000)
  eden space 120832K, 0% used [0x00000000eab00000,0x00000000eab00000,0x00000000f2100000)
  from space 12288K, 98% used [0x00000000f2f00000,0x00000000f3ae0e98,0x00000000f3b00000)
  to   space 14336K, 0% used [0x00000000f2100000,0x00000000f2100000,0x00000000f2f00000)
 ParOldGen       total 40960K, used 23106K [0x00000000c0000000, 0x00000000c2800000, 0x00000000eab00000)
  object space 40960K, 56% used [0x00000000c0000000,0x00000000c1690998,0x00000000c2800000)
 Metaspace       used 5921K, capacity 7152K, committed 7296K, reserved 1056768K
  class space    used 556K, capacity 616K, committed 640K, reserved 1048576K
}
Event: 15,863 GC heap before
{Heap before GC invocations=7 (full 0):
 PSYoungGen      total 133120K, used 132995K [0x00000000eab00000, 0x00000000f3f00000, 0x0000000100000000)
  eden space 120832K, 100% used [0x00000000eab00000,0x00000000f2100000,0x00000000f2100000)
  from space 12288K, 98% used [0x00000000f2f00000,0x00000000f3ae0e98,0x00000000f3b00000)
  to   space 14336K, 0% used [0x00000000f2100000,0x00000000f2100000,0x00000000f2f00000)
 ParOldGen       total 40960K, used 23106K [0x00000000c0000000, 0x00000000c2800000, 0x00000000eab00000)
  object space 40960K, 56% used [0x00000000c0000000,0x00000000c1690998,0x00000000c2800000)
 Metaspace       used 6052K, capacity 7152K, committed 7296K, reserved 1056768K
  class space    used 575K, capacity 616K, committed 640K, reserved 1048576K

Deoptimization events (10 events):
Event: 12,912 Thread 0x00007ff36000a000 Uncommon trap: reason=unstable_if action=reinterpret pc=0x00007ff3512fa0f8 method=java.util.HashMap.putVal(ILjava/lang/Object;Ljava/lang/Object;ZZ)Ljava/lang/Object; @ 162
Event: 13,003 Thread 0x00007ff36000a000 Uncommon trap: reason=unstable_if action=reinterpret pc=0x00007ff35170af10 method=com.android.dx.rop.code.DexTranslationAdvice.hasConstantOperation(Lcom/android/dx/rop/code/Rop;Lcom/android/dx/rop/code/RegisterSpec;Lcom/android/dx/rop/code/RegisterSpec;)Z
Event: 13,121 Thread 0x00007ff36000a000 Uncommon trap: reason=unstable_if action=reinterpret pc=0x00007ff3513ab1ac method=java.util.HashMap.getNode(ILjava/lang/Object;)Ljava/util/HashMap$Node; @ 84
Event: 13,666 Thread 0x00007ff36000a000 Uncommon trap: reason=bimorphic action=maybe_recompile pc=0x00007ff35173534c method=com.android.dx.cf.code.BytecodeArray.parseInstruction(ILcom/android/dx/cf/code/BytecodeArray$Visitor;)I @ 2281
Event: 13,675 Thread 0x00007ff36000a000 Uncommon trap: reason=bimorphic action=maybe_recompile pc=0x00007ff35173534c method=com.android.dx.cf.code.BytecodeArray.parseInstruction(ILcom/android/dx/cf/code/BytecodeArray$Visitor;)I @ 2281
Event: 13,710 Thread 0x00007ff36000a000 Uncommon trap: reason=unstable_if action=reinterpret pc=0x00007ff3517032a8 method=java.util.HashMap.putVal(ILjava/lang/Object;Ljava/lang/Object;ZZ)Ljava/lang/Object; @ 162
Event: 13,716 Thread 0x00007ff36000a000 Uncommon trap: reason=unstable_if action=reinterpret pc=0x00007ff351393ef8 method=java.util.HashMap.getNode(ILjava/lang/Object;)Ljava/util/HashMap$Node; @ 84
Event: 14,479 Thread 0x00007ff36000a000 Uncommon trap: reason=unstable_if action=reinterpret pc=0x00007ff3515ca448 method=com.android.dx.ssa.MoveParamCombiner$1.visitNonMoveInsn(Lcom/android/dx/ssa/NormalSsaInsn;)V @ 27
Event: 14,527 Thread 0x00007ff36000a000 Uncommon trap: reason=bimorphic action=maybe_recompile pc=0x00007ff35174fb00 method=com.android.dx.ssa.LiteralOpUpgrader.tryReplacingWithConstant(Lcom/android/dx/ssa/NormalSsaInsn;)Z @ 62
Event: 14,535 Thread 0x00007ff36000a000 Uncommon trap: reason=bimorphic action=maybe_recompile pc=0x00007ff35174fb00 method=com.android.dx.ssa.LiteralOpUpgrader.tryReplacingWithConstant(Lcom/android/dx/ssa/NormalSsaInsn;)Z @ 62

Internal exceptions (7 events):
Event: 0,070 Thread 0x00007ff36000a000 Exception <a 'java/lang/NoSuchMethodError': Method sun.misc.Unsafe.defineClass(Ljava/lang/String;[BII)Ljava/lang/Class; name or signature does not match> (0x00000000eab07cc0) thrown at [/HUDSON/workspace/8-2-build-linux-amd64/jdk8u91/6644/hotspot/src/shar
Event: 0,070 Thread 0x00007ff36000a000 Exception <a 'java/lang/NoSuchMethodError': Method sun.misc.Unsafe.prefetchRead(Ljava/lang/Object;J)V name or signature does not match> (0x00000000eab07fa8) thrown at [/HUDSON/workspace/8-2-build-linux-amd64/jdk8u91/6644/hotspot/src/share/vm/prims/jni.cpp
Event: 6,670 Thread 0x00007ff36000a000 Implicit null exception at 0x00007ff351622297 to 0x00007ff3516242d9
Event: 9,376 Thread 0x00007ff36000a000 Implicit null exception at 0x00007ff35162c906 to 0x00007ff35162ddf5
Event: 12,926 Thread 0x00007ff36000a000 Exception <a 'java/lang/ArrayIndexOutOfBoundsException': 18> (0x00000000ec636ff8) thrown at [/HUDSON/workspace/8-2-build-linux-amd64/jdk8u91/6644/hotspot/src/share/vm/interpreter/interpreterRuntime.cpp, line 366]
Event: 12,926 Thread 0x00007ff36000a000 Exception <a 'java/lang/ArrayIndexOutOfBoundsException': 145> (0x00000000ec638b78) thrown at [/HUDSON/workspace/8-2-build-linux-amd64/jdk8u91/6644/hotspot/src/share/vm/interpreter/interpreterRuntime.cpp, line 366]
Event: 12,928 Thread 0x00007ff36000a000 Exception <a 'java/lang/ArrayIndexOutOfBoundsException'> (0x00000000ec639e60) thrown at [/HUDSON/workspace/8-2-build-linux-amd64/jdk8u91/6644/hotspot/src/share/vm/runtime/sharedRuntime.cpp, line 605]

Events (10 events):
Event: 14,479 Thread 0x00007ff36000a000 Uncommon trap: trap_request=0xffffff65 fr.pc=0x00007ff3515ca448
Event: 14,479 Thread 0x00007ff36000a000 DEOPT PACKING pc=0x00007ff3515ca448 sp=0x00007ff369b39bc0
Event: 14,479 Thread 0x00007ff36000a000 DEOPT UNPACKING pc=0x00007ff351005229 sp=0x00007ff369b39b38 mode 2
Event: 14,527 Thread 0x00007ff36000a000 Uncommon trap: trap_request=0xffffffc6 fr.pc=0x00007ff35174fb00
Event: 14,527 Thread 0x00007ff36000a000 DEOPT PACKING pc=0x00007ff35174fb00 sp=0x00007ff369b39c20
Event: 14,527 Thread 0x00007ff36000a000 DEOPT UNPACKING pc=0x00007ff351005229 sp=0x00007ff369b39b28 mode 2
Event: 14,535 Thread 0x00007ff36000a000 Uncommon trap: trap_request=0xffffffc6 fr.pc=0x00007ff35174fb00
Event: 14,535 Thread 0x00007ff36000a000 DEOPT PACKING pc=0x00007ff35174fb00 sp=0x00007ff369b39b70
Event: 14,535 Thread 0x00007ff36000a000 DEOPT UNPACKING pc=0x00007ff351005229 sp=0x00007ff369b39a78 mode 2
Event: 15,863 Executing VM operation: ParallelGCFailedAllocation


Dynamic libraries:
00400000-00401000 r-xp 00000000 08:03 1831830                            /usr/lib/jvm/java-8-oracle/bin/java
00600000-00601000 rw-p 00000000 08:03 1831830                            /usr/lib/jvm/java-8-oracle/bin/java
009b4000-009d5000 rw-p 00000000 00:00 0                                  [heap]
c0000000-c2800000 rw-p 00000000 00:00 0 
c2800000-eab00000 ---p 00000000 00:00 0 
eab00000-f3f00000 rw-p 00000000 00:00 0 
fc600000-100000000 ---p 00000000 00:00 0 
100000000-1000a0000 rw-p 00000000 00:00 0 
1000a0000-140000000 ---p 00000000 00:00 0 
7ff318000000-7ff318021000 rw-p 00000000 00:00 0 
7ff318021000-7ff31c000000 ---p 00000000 00:00 0 
7ff31c000000-7ff31c021000 rw-p 00000000 00:00 0 
7ff31c021000-7ff320000000 ---p 00000000 00:00 0 
7ff320000000-7ff320edd000 rw-p 00000000 00:00 0 
7ff320edd000-7ff324000000 ---p 00000000 00:00 0 
7ff324000000-7ff324a24000 rw-p 00000000 00:00 0 
7ff324a24000-7ff328000000 ---p 00000000 00:00 0 
7ff328000000-7ff328021000 rw-p 00000000 00:00 0 
7ff328021000-7ff32c000000 ---p 00000000 00:00 0 
7ff32c000000-7ff32d08b000 rw-p 00000000 00:00 0 
7ff32d08b000-7ff330000000 ---p 00000000 00:00 0 
7ff330000000-7ff330021000 rw-p 00000000 00:00 0 
7ff330021000-7ff334000000 ---p 00000000 00:00 0 
7ff334000000-7ff334021000 rw-p 00000000 00:00 0 
7ff334021000-7ff338000000 ---p 00000000 00:00 0 
7ff338000000-7ff338297000 rw-p 00000000 00:00 0 
7ff338297000-7ff33c000000 ---p 00000000 00:00 0 
7ff33e811000-7ff33e812000 ---p 00000000 00:00 0 
7ff33e812000-7ff33e912000 rw-p 00000000 00:00 0 
7ff33e912000-7ff33e915000 ---p 00000000 00:00 0 
7ff33e915000-7ff33ea13000 rw-p 00000000 00:00 0 
7ff33ea13000-7ff33ea16000 ---p 00000000 00:00 0 
7ff33ea16000-7ff33eb14000 rw-p 00000000 00:00 0 
7ff33eb14000-7ff33eb17000 ---p 00000000 00:00 0 
7ff33eb17000-7ff33ec15000 rw-p 00000000 00:00 0 
7ff33ec15000-7ff33ec18000 ---p 00000000 00:00 0 
7ff33ec18000-7ff33ed16000 rw-p 00000000 00:00 0 
7ff33ed16000-7ff33ed19000 ---p 00000000 00:00 0 
7ff33ed19000-7ff33ee17000 rw-p 00000000 00:00 0 
7ff33ee17000-7ff33f0f1000 r--p 00000000 08:03 1715711                    /usr/lib/locale/locale-archive
7ff33f0f1000-7ff33f0f4000 ---p 00000000 00:00 0 
7ff33f0f4000-7ff33f1f2000 rw-p 00000000 00:00 0 
7ff33f1f2000-7ff33f1f5000 ---p 00000000 00:00 0 
7ff33f1f5000-7ff33f2f3000 rw-p 00000000 00:00 0 
7ff33f2f3000-7ff33f2f4000 ---p 00000000 00:00 0 
7ff33f2f4000-7ff340000000 rw-p 00000000 00:00 0 
7ff340000000-7ff340021000 rw-p 00000000 00:00 0 
7ff340021000-7ff344000000 ---p 00000000 00:00 0 
7ff344000000-7ff344021000 rw-p 00000000 00:00 0 
7ff344021000-7ff348000000 ---p 00000000 00:00 0 
7ff348000000-7ff348021000 rw-p 00000000 00:00 0 
7ff348021000-7ff34c000000 ---p 00000000 00:00 0 
7ff34c000000-7ff34c021000 rw-p 00000000 00:00 0 
7ff34c021000-7ff350000000 ---p 00000000 00:00 0 
7ff35006b000-7ff350072000 r--s 00000000 08:03 1969873                    /usr/lib/x86_64-linux-gnu/gconv/gconv-modules.cache
7ff350072000-7ff350093000 r--p 00000000 08:03 2105642                    /usr/share/locale-langpack/pt_BR/LC_MESSAGES/libc.mo
7ff350093000-7ff350427000 rw-p 00000000 00:00 0 
7ff350427000-7ff350600000 r--s 03d1f000 08:03 1711658                    /usr/lib/jvm/java-8-oracle/jre/lib/rt.jar
7ff350600000-7ff350c80000 rw-p 00000000 00:00 0 
7ff350c80000-7ff350e00000 ---p 00000000 00:00 0 
7ff350e00000-7ff351000000 rw-p 00000000 00:00 0 
7ff351000000-7ff3517b0000 rwxp 00000000 00:00 0 
7ff3517b0000-7ff360000000 ---p 00000000 00:00 0 
7ff360000000-7ff360391000 rw-p 00000000 00:00 0 
7ff360391000-7ff364000000 ---p 00000000 00:00 0 
7ff364001000-7ff364013000 r--s 000c6000 08:04 156418                     /home/aweiand/AndroidStudioProjects/GuiaTST/app/build/intermediates/exploded-aar/com.android.support/support-v4/22.2.1/jars/classes.jar
7ff364013000-7ff3660aa000 rw-p 00000000 00:00 0 
7ff3660aa000-7ff3660ab000 ---p 00000000 00:00 0 
7ff3660ab000-7ff3661ab000 rw-p 00000000 00:00 0 
7ff3661ab000-7ff3661ac000 ---p 00000000 00:00 0 
7ff3661ac000-7ff3662ac000 rw-p 00000000 00:00 0 
7ff3662ac000-7ff3662ad000 ---p 00000000 00:00 0 
7ff3662ad000-7ff3663ad000 rw-p 00000000 00:00 0 
7ff3663ad000-7ff3663ae000 ---p 00000000 00:00 0 
7ff3663ae000-7ff3664c2000 rw-p 00000000 00:00 0 
7ff3664c2000-7ff366604000 ---p 00000000 00:00 0 
7ff366604000-7ff366618000 rw-p 00000000 00:00 0 
7ff366618000-7ff366759000 ---p 00000000 00:00 0 
7ff366759000-7ff3667a4000 rw-p 00000000 00:00 0 
7ff3667a4000-7ff366804000 ---p 00000000 00:00 0 
7ff366804000-7ff366824000 rw-p 00000000 00:00 0 
7ff366824000-7ff366bc5000 ---p 00000000 00:00 0 
7ff366bc5000-7ff366bdf000 r-xp 00000000 08:03 1740573                    /usr/lib/jvm/java-8-oracle/jre/lib/amd64/libzip.so
7ff366bdf000-7ff366ddf000 ---p 0001a000 08:03 1740573                    /usr/lib/jvm/java-8-oracle/jre/lib/amd64/libzip.so
7ff366ddf000-7ff366de0000 rw-p 0001a000 08:03 1740573                    /usr/lib/jvm/java-8-oracle/jre/lib/amd64/libzip.so
7ff366de0000-7ff366deb000 r-xp 00000000 08:03 568271                     /lib/x86_64-linux-gnu/libnss_files-2.23.so
7ff366deb000-7ff366fea000 ---p 0000b000 08:03 568271                     /lib/x86_64-linux-gnu/libnss_files-2.23.so
7ff366fea000-7ff366feb000 r--p 0000a000 08:03 568271                     /lib/x86_64-linux-gnu/libnss_files-2.23.so
7ff366feb000-7ff366fec000 rw-p 0000b000 08:03 568271                     /lib/x86_64-linux-gnu/libnss_files-2.23.so
7ff366fec000-7ff366ff2000 rw-p 00000000 00:00 0 
7ff366ff2000-7ff366ffd000 r-xp 00000000 08:03 568267                     /lib/x86_64-linux-gnu/libnss_nis-2.23.so
7ff366ffd000-7ff3671fc000 ---p 0000b000 08:03 568267                     /lib/x86_64-linux-gnu/libnss_nis-2.23.so
7ff3671fc000-7ff3671fd000 r--p 0000a000 08:03 568267                     /lib/x86_64-linux-gnu/libnss_nis-2.23.so
7ff3671fd000-7ff3671fe000 rw-p 0000b000 08:03 568267                     /lib/x86_64-linux-gnu/libnss_nis-2.23.so
7ff3671fe000-7ff367214000 r-xp 00000000 08:03 568261                     /lib/x86_64-linux-gnu/libnsl-2.23.so
7ff367214000-7ff367413000 ---p 00016000 08:03 568261                     /lib/x86_64-linux-gnu/libnsl-2.23.so
7ff367413000-7ff367414000 r--p 00015000 08:03 568261                     /lib/x86_64-linux-gnu/libnsl-2.23.so
7ff367414000-7ff367415000 rw-p 00016000 08:03 568261                     /lib/x86_64-linux-gnu/libnsl-2.23.so
7ff367415000-7ff367417000 rw-p 00000000 00:00 0 
7ff367417000-7ff36741f000 r-xp 00000000 08:03 568257                     /lib/x86_64-linux-gnu/libnss_compat-2.23.so
7ff36741f000-7ff36761e000 ---p 00008000 08:03 568257                     /lib/x86_64-linux-gnu/libnss_compat-2.23.so
7ff36761e000-7ff36761f000 r--p 00007000 08:03 568257                     /lib/x86_64-linux-gnu/libnss_compat-2.23.so
7ff36761f000-7ff367620000 rw-p 00008000 08:03 568257                     /lib/x86_64-linux-gnu/libnss_compat-2.23.so
7ff367620000-7ff36764a000 r-xp 00000000 08:03 1740574                    /usr/lib/jvm/java-8-oracle/jre/lib/amd64/libjava.so
7ff36764a000-7ff36784a000 ---p 0002a000 08:03 1740574                    /usr/lib/jvm/java-8-oracle/jre/lib/amd64/libjava.so
7ff36784a000-7ff36784c000 rw-p 0002a000 08:03 1740574                    /usr/lib/jvm/java-8-oracle/jre/lib/amd64/libjava.so
7ff36784c000-7ff367859000 r-xp 00000000 08:03 1741645                    /usr/lib/jvm/java-8-oracle/jre/lib/amd64/libverify.so
7ff367859000-7ff367a59000 ---p 0000d000 08:03 1741645                    /usr/lib/jvm/java-8-oracle/jre/lib/amd64/libverify.so
7ff367a59000-7ff367a5b000 rw-p 0000d000 08:03 1741645                    /usr/lib/jvm/java-8-oracle/jre/lib/amd64/libverify.so
7ff367a5b000-7ff367a62000 r-xp 00000000 08:03 577301                     /lib/x86_64-linux-gnu/librt-2.23.so
7ff367a62000-7ff367c61000 ---p 00007000 08:03 577301                     /lib/x86_64-linux-gnu/librt-2.23.so
7ff367c61000-7ff367c62000 r--p 00006000 08:03 577301                     /lib/x86_64-linux-gnu/librt-2.23.so
7ff367c62000-7ff367c63000 rw-p 00007000 08:03 577301                     /lib/x86_64-linux-gnu/librt-2.23.so
7ff367c63000-7ff367d6b000 r-xp 00000000 08:03 568283                     /lib/x86_64-linux-gnu/libm-2.23.so
7ff367d6b000-7ff367f6a000 ---p 00108000 08:03 568283                     /lib/x86_64-linux-gnu/libm-2.23.so
7ff367f6a000-7ff367f6b000 r--p 00107000 08:03 568283                     /lib/x86_64-linux-gnu/libm-2.23.so
7ff367f6b000-7ff367f6c000 rw-p 00108000 08:03 568283                     /lib/x86_64-linux-gnu/libm-2.23.so
7ff367f6c000-7ff368c2c000 r-xp 00000000 08:03 1740535                    /usr/lib/jvm/java-8-oracle/jre/lib/amd64/server/libjvm.so
7ff368c2c000-7ff368e2c000 ---p 00cc0000 08:03 1740535                    /usr/lib/jvm/java-8-oracle/jre/lib/amd64/server/libjvm.so
7ff368e2c000-7ff368f04000 rw-p 00cc0000 08:03 1740535                    /usr/lib/jvm/java-8-oracle/jre/lib/amd64/server/libjvm.so
7ff368f04000-7ff368f4f000 rw-p 00000000 00:00 0 
7ff368f4f000-7ff36910f000 r-xp 00000000 08:03 577312                     /lib/x86_64-linux-gnu/libc-2.23.so
7ff36910f000-7ff36930e000 ---p 001c0000 08:03 577312                     /lib/x86_64-linux-gnu/libc-2.23.so
7ff36930e000-7ff369312000 r--p 001bf000 08:03 577312                     /lib/x86_64-linux-gnu/libc-2.23.so
7ff369312000-7ff369314000 rw-p 001c3000 08:03 577312                     /lib/x86_64-linux-gnu/libc-2.23.so
7ff369314000-7ff369318000 rw-p 00000000 00:00 0 
7ff369318000-7ff36931b000 r-xp 00000000 08:03 577315                     /lib/x86_64-linux-gnu/libdl-2.23.so
7ff36931b000-7ff36951a000 ---p 00003000 08:03 577315                     /lib/x86_64-linux-gnu/libdl-2.23.so
7ff36951a000-7ff36951b000 r--p 00002000 08:03 577315                     /lib/x86_64-linux-gnu/libdl-2.23.so
7ff36951b000-7ff36951c000 rw-p 00003000 08:03 577315                     /lib/x86_64-linux-gnu/libdl-2.23.so
7ff36951c000-7ff369531000 r-xp 00000000 08:03 1794128                    /usr/lib/jvm/java-8-oracle/lib/amd64/jli/libjli.so
7ff369531000-7ff369731000 ---p 00015000 08:03 1794128                    /usr/lib/jvm/java-8-oracle/lib/amd64/jli/libjli.so
7ff369731000-7ff369732000 rw-p 00015000 08:03 1794128                    /usr/lib/jvm/java-8-oracle/lib/amd64/jli/libjli.so
7ff369732000-7ff36974a000 r-xp 00000000 08:03 577310                     /lib/x86_64-linux-gnu/libpthread-2.23.so
7ff36974a000-7ff369949000 ---p 00018000 08:03 577310                     /lib/x86_64-linux-gnu/libpthread-2.23.so
7ff369949000-7ff36994a000 r--p 00017000 08:03 577310                     /lib/x86_64-linux-gnu/libpthread-2.23.so
7ff36994a000-7ff36994b000 rw-p 00018000 08:03 577310                     /lib/x86_64-linux-gnu/libpthread-2.23.so
7ff36994b000-7ff36994f000 rw-p 00000000 00:00 0 
7ff36994f000-7ff369975000 r-xp 00000000 08:03 577304                     /lib/x86_64-linux-gnu/ld-2.23.so
7ff369976000-7ff369a3b000 rw-p 00000000 00:00 0 
7ff369a3b000-7ff369a3e000 ---p 00000000 00:00 0 
7ff369a3e000-7ff369b40000 rw-p 00000000 00:00 0 
7ff369b45000-7ff369b54000 r--s 000dd000 08:04 2368349                    /home/aweiand/android-sdk-linux/build-tools/22.0.1/lib/dx.jar
7ff369b54000-7ff369b68000 rw-p 00000000 00:00 0 
7ff369b68000-7ff369b70000 rw-s 00000000 08:03 1105466                    /tmp/hsperfdata_aweiand/13134
7ff369b70000-7ff369b71000 rw-p 00000000 00:00 0 
7ff369b71000-7ff369b72000 ---p 00000000 00:00 0 
7ff369b72000-7ff369b74000 rw-p 00000000 00:00 0 
7ff369b74000-7ff369b75000 r--p 00025000 08:03 577304                     /lib/x86_64-linux-gnu/ld-2.23.so
7ff369b75000-7ff369b76000 rw-p 00026000 08:03 577304                     /lib/x86_64-linux-gnu/ld-2.23.so
7ff369b76000-7ff369b77000 rw-p 00000000 00:00 0 
7ffc12524000-7ffc12546000 rw-p 00000000 00:00 0                          [stack]
7ffc125e4000-7ffc125e6000 r--p 00000000 00:00 0                          [vvar]
7ffc125e6000-7ffc125e8000 r-xp 00000000 00:00 0                          [vdso]
ffffffffff600000-ffffffffff601000 r-xp 00000000 00:00 0                  [vsyscall]

VM Arguments:
jvm_args: -Djava.awt.headless=true -Xmx1024M -Dfile.encoding=UTF-8 -Duser.country=BR -Duser.language=pt -Duser.variant 
java_command: com.android.dx.command.Main --dex --force-jumbo --multi-dex --output /home/aweiand/AndroidStudioProjects/GuiaTST/app/build/intermediates/transforms/dex/debug/folders/1000/10/com.android.support-support-v4-22.2.1_8a6222c3a612eba0efaa3f304552b74649298765 /home/aweiand/AndroidStudioProjects/GuiaTST/app/build/intermediates/exploded-aar/com.android.support/support-v4/22.2.1/jars/classes.jar
java_class_path (initial): /home/aweiand/android-sdk-linux/build-tools/22.0.1/lib/dx.jar
Launcher Type: SUN_STANDARD

Environment Variables:
JAVA_HOME=/usr/lib/jvm/java-7-oracle
PATH=/usr/local/heroku/bin:/home/aweiand/google-cloud-sdk/bin:/home/aweiand/.rvm/gems/ruby-2.2.0/bin:/home/aweiand/.rvm/gems/ruby-2.2.0@global/bin:/home/aweiand/.rvm/rubies/ruby-2.2.0/bin:/usr/local/sbin:/usr/local/bin:/usr/sbin:/usr/bin:/sbin:/bin:/usr/games:/usr/local/games:/usr/lib/jvm/java-7-oracle/bin:/usr/lib/jvm/java-7-oracle/db/bin:/usr/lib/jvm/java-7-oracle/jre/bin:/home/aweiand/.rvm/bin:/home/aweiand/.rvm/bin:/home/aweiand/android-studio/bin/
LD_LIBRARY_PATH=/home/aweiand/android-studio/bin:
SHELL=/bin/bash
DISPLAY=:0

Signal Handlers:
SIGSEGV: [libjvm.so+0xabca10], sa_mask[0]=11111111011111111101111111111110, sa_flags=SA_RESTART|SA_SIGINFO
SIGBUS: [libjvm.so+0xabca10], sa_mask[0]=11111111011111111101111111111110, sa_flags=SA_RESTART|SA_SIGINFO
SIGFPE: [libjvm.so+0x919a20], sa_mask[0]=11111111011111111101111111111110, sa_flags=SA_RESTART|SA_SIGINFO
SIGPIPE: [libjvm.so+0x919a20], sa_mask[0]=11111111011111111101111111111110, sa_flags=SA_RESTART|SA_SIGINFO
SIGXFSZ: [libjvm.so+0x919a20], sa_mask[0]=11111111011111111101111111111110, sa_flags=SA_RESTART|SA_SIGINFO
SIGILL: [libjvm.so+0x919a20], sa_mask[0]=11111111011111111101111111111110, sa_flags=SA_RESTART|SA_SIGINFO
SIGUSR1: SIG_DFL, sa_mask[0]=00000000000000000000000000000000, sa_flags=none
SIGUSR2: [libjvm.so+0x91b050], sa_mask[0]=00100000000000000000000000000000, sa_flags=SA_RESTART|SA_SIGINFO
SIGHUP: [libjvm.so+0x91c450], sa_mask[0]=11111111011111111101111111111110, sa_flags=SA_RESTART|SA_SIGINFO
SIGINT: [libjvm.so+0x91c450], sa_mask[0]=11111111011111111101111111111110, sa_flags=SA_RESTART|SA_SIGINFO
SIGTERM: [libjvm.so+0x91c450], sa_mask[0]=11111111011111111101111111111110, sa_flags=SA_RESTART|SA_SIGINFO
SIGQUIT: [libjvm.so+0x91c450], sa_mask[0]=11111111011111111101111111111110, sa_flags=SA_RESTART|SA_SIGINFO


---------------  S Y S T E M  ---------------

OS:DISTRIB_ID=Ubuntu
DISTRIB_RELEASE=16.04
DISTRIB_CODENAME=xenial
DISTRIB_DESCRIPTION="Ubuntu 16.04.1 LTS"

uname:Linux 4.4.0-38-generic #57-Ubuntu SMP Tue Sep 6 15:42:33 UTC 2016 x86_64
libc:glibc 2.23 NPTL 2.23 
rlimit: STACK 8192k, CORE 0k, NPROC 14338, NOFILE 65536, AS infinity
load average:13,03 4,39 2,19

/proc/meminfo:
MemTotal:        3901872 kB
MemFree:          103572 kB
MemAvailable:      17968 kB
Buffers:             412 kB
Cached:           167260 kB
SwapCached:         1196 kB
Active:          2588056 kB
Inactive:         961848 kB
Active(anon):    2579100 kB
Inactive(anon):   951360 kB
Active(file):       8956 kB
Inactive(file):    10488 kB
Unevictable:         688 kB
Mlocked:             688 kB
SwapTotal:       2961404 kB
SwapFree:              0 kB
Dirty:                 0 kB
Writeback:             0 kB
AnonPages:       3384176 kB
Mapped:            35444 kB
Shmem:            147404 kB
Slab:             101356 kB
SReclaimable:      49700 kB
SUnreclaim:        51656 kB
KernelStack:       15888 kB
PageTables:        74128 kB
NFS_Unstable:          0 kB
Bounce:                0 kB
WritebackTmp:          0 kB
CommitLimit:     4912340 kB
Committed_AS:   16650820 kB
VmallocTotal:   34359738367 kB
VmallocUsed:           0 kB
VmallocChunk:          0 kB
HardwareCorrupted:     0 kB
AnonHugePages:   1136640 kB
CmaTotal:              0 kB
CmaFree:               0 kB
HugePages_Total:       0
HugePages_Free:        0
HugePages_Rsvd:        0
HugePages_Surp:        0
Hugepagesize:       2048 kB
DirectMap4k:      163216 kB
DirectMap2M:     3887104 kB


CPU:total 4 (2 cores per cpu, 2 threads per core) family 6 model 58 stepping 9, cmov, cx8, fxsr, mmx, sse, sse2, sse3, ssse3, sse4.1, sse4.2, popcnt, avx, aes, clmul, erms, ht, tsc, tscinvbit, tscinv

/proc/cpuinfo:
processor	: 0
vendor_id	: GenuineIntel
cpu family	: 6
model		: 58
model name	: Intel(R) Core(TM) i5-3210M CPU @ 2.50GHz
stepping	: 9
microcode	: 0x15
cpu MHz		: 2899.902
cache size	: 3072 KB
physical id	: 0
siblings	: 4
core id		: 0
cpu cores	: 2
apicid		: 0
initial apicid	: 0
fpu		: yes
fpu_exception	: yes
cpuid level	: 13
wp		: yes
flags		: fpu vme de pse tsc msr pae mce cx8 apic sep mtrr pge mca cmov pat pse36 clflush dts acpi mmx fxsr sse sse2 ss ht tm pbe syscall nx rdtscp lm constant_tsc arch_perfmon pebs bts rep_good nopl xtopology nonstop_tsc aperfmperf eagerfpu pni pclmulqdq dtes64 monitor ds_cpl vmx est tm2 ssse3 cx16 xtpr pdcm pcid sse4_1 sse4_2 x2apic popcnt tsc_deadline_timer aes xsave avx f16c rdrand lahf_lm epb tpr_shadow vnmi flexpriority ept vpid fsgsbase smep erms xsaveopt dtherm ida arat pln pts
bugs		:
bogomips	: 4989.03
clflush size	: 64
cache_alignment	: 64
address sizes	: 36 bits physical, 48 bits virtual
power management:

processor	: 1
vendor_id	: GenuineIntel
cpu family	: 6
model		: 58
model name	: Intel(R) Core(TM) i5-3210M CPU @ 2.50GHz
stepping	: 9
microcode	: 0x15
cpu MHz		: 2899.902
cache size	: 3072 KB
physical id	: 0
siblings	: 4
core id		: 0
cpu cores	: 2
apicid		: 1
initial apicid	: 1
fpu		: yes
fpu_exception	: yes
cpuid level	: 13
wp		: yes
flags		: fpu vme de pse tsc msr pae mce cx8 apic sep mtrr pge mca cmov pat pse36 clflush dts acpi mmx fxsr sse sse2 ss ht tm pbe syscall nx rdtscp lm constant_tsc arch_perfmon pebs bts rep_good nopl xtopology nonstop_tsc aperfmperf eagerfpu pni pclmulqdq dtes64 monitor ds_cpl vmx est tm2 ssse3 cx16 xtpr pdcm pcid sse4_1 sse4_2 x2apic popcnt tsc_deadline_timer aes xsave avx f16c rdrand lahf_lm epb tpr_shadow vnmi flexpriority ept vpid fsgsbase smep erms xsaveopt dtherm ida arat pln pts
bugs		:
bogomips	: 4989.03
clflush size	: 64
cache_alignment	: 64
address sizes	: 36 bits physical, 48 bits virtual
power management:

processor	: 2
vendor_id	: GenuineIntel
cpu family	: 6
model		: 58
model name	: Intel(R) Core(TM) i5-3210M CPU @ 2.50GHz
stepping	: 9
microcode	: 0x15
cpu MHz		: 2899.902
cache size	: 3072 KB
physical id	: 0
siblings	: 4
core id		: 1
cpu cores	: 2
apicid		: 2
initial apicid	: 2
fpu		: yes
fpu_exception	: yes
cpuid level	: 13
wp		: yes
flags		: fpu vme de pse tsc msr pae mce cx8 apic sep mtrr pge mca cmov pat pse36 clflush dts acpi mmx fxsr sse sse2 ss ht tm pbe syscall nx rdtscp lm constant_tsc arch_perfmon pebs bts rep_good nopl xtopology nonstop_tsc aperfmperf eagerfpu pni pclmulqdq dtes64 monitor ds_cpl vmx est tm2 ssse3 cx16 xtpr pdcm pcid sse4_1 sse4_2 x2apic popcnt tsc_deadline_timer aes xsave avx f16c rdrand lahf_lm epb tpr_shadow vnmi flexpriority ept vpid fsgsbase smep erms xsaveopt dtherm ida arat pln pts
bugs		:
bogomips	: 4989.03
clflush size	: 64
cache_alignment	: 64
address sizes	: 36 bits physical, 48 bits virtual
power management:

processor	: 3
vendor_id	: GenuineIntel
cpu family	: 6
model		: 58
model name	: Intel(R) Core(TM) i5-3210M CPU @ 2.50GHz
stepping	: 9
microcode	: 0x15
cpu MHz		: 2900.000
cache size	: 3072 KB
physical id	: 0
siblings	: 4
core id		: 1
cpu cores	: 2
apicid		: 3
initial apicid	: 3
fpu		: yes
fpu_exception	: yes
cpuid level	: 13
wp		: yes
flags		: fpu vme de pse tsc msr pae mce cx8 apic sep mtrr pge mca cmov pat pse36 clflush dts acpi mmx fxsr sse sse2 ss ht tm pbe syscall nx rdtscp lm constant_tsc arch_perfmon pebs bts rep_good nopl xtopology nonstop_tsc aperfmperf eagerfpu pni pclmulqdq dtes64 monitor ds_cpl vmx est tm2 ssse3 cx16 xtpr pdcm pcid sse4_1 sse4_2 x2apic popcnt tsc_deadline_timer aes xsave avx f16c rdrand lahf_lm epb tpr_shadow vnmi flexpriority ept vpid fsgsbase smep erms xsaveopt dtherm ida arat pln pts
bugs		:
bogomips	: 4989.03
clflush size	: 64
cache_alignment	: 64
address sizes	: 36 bits physical, 48 bits virtual
power management:



Memory: 4k page, physical 3901872k(105900k free), swap 2961404k(8k free)

vm_info: Java HotSpot(TM) 64-Bit Server VM (25.91-b14) for linux-amd64 JRE (1.8.0_91-b14), built on Apr  1 2016 00:57:21 by "java_re" with gcc 4.3.0 20080428 (Red Hat 4.3.0-8)

time: Sun Oct  2 17:00:07 2016
elapsed time: 25 seconds (0d 0h 0m 25s)

